Log file open, 11/14/19 12:07:52
LogWindows: Failed to load 'aqProf.dll' (GetLastError=126)
LogWindows: File 'aqProf.dll' does not exist
LogWindows: Failed to load 'VtuneApi.dll' (GetLastError=126)
LogWindows: File 'VtuneApi.dll' does not exist
LogWindows: Failed to load 'VtuneApi32e.dll' (GetLastError=126)
LogWindows: File 'VtuneApi32e.dll' does not exist
LogConsoleResponse: Display: Failed to find resolution value strings in scalability ini. Falling back to default.
LogInit: Display: Running engine for game: BesteRush
LogPakFile: Registered encryption key '00000000000000000000000000000000': 0 pak files mounted, 0 remain pending
LogPlatformFile: Not using cached read wrapper
LogTaskGraph: Started task graph with 5 named threads and 11 total threads with 3 sets of task threads.
LogStats: Stats thread started at 0.166946
LogD3D11RHI: Loaded GFSDK_Aftermath_Lib.x64.dll
LogICUInternationalization: ICU TimeZone Detection - Raw Offset: -6:00, Platform Override: ''
LogPluginManager: Mounting plugin Paper2D
LogPluginManager: Mounting plugin AISupport
LogPluginManager: Mounting plugin LightPropagationVolume
LogPluginManager: Mounting plugin ActorLayerUtilities
LogPluginManager: Mounting plugin AnimationSharing
LogPluginManager: Mounting plugin CLionSourceCodeAccess
LogPluginManager: Mounting plugin CodeLiteSourceCodeAccess
LogPluginManager: Mounting plugin GitSourceControl
LogPluginManager: Mounting plugin KDevelopSourceCodeAccess
LogPluginManager: Mounting plugin NullSourceCodeAccess
LogPluginManager: Mounting plugin PerforceSourceControl
LogPluginManager: Mounting plugin SubversionSourceControl
LogPluginManager: Mounting plugin UObjectPlugin
LogPluginManager: Mounting plugin VisualStudioCodeSourceCodeAccess
LogPluginManager: Mounting plugin VisualStudioSourceCodeAccess
LogPluginManager: Mounting plugin XCodeSourceCodeAccess
LogPluginManager: Mounting plugin AssetManagerEditor
LogPluginManager: Mounting plugin CryptoKeys
LogPluginManager: Mounting plugin DataValidation
LogPluginManager: Mounting plugin FacialAnimation
LogPluginManager: Mounting plugin GameplayTagsEditor
LogPluginManager: Mounting plugin MacGraphicsSwitching
LogPluginManager: Mounting plugin MaterialAnalyzer
LogPluginManager: Mounting plugin MobileLauncherProfileWizard
LogPluginManager: Mounting plugin PluginBrowser
LogPluginManager: Mounting plugin SpeedTreeImporter
LogPluginManager: Mounting plugin DatasmithContent
LogPluginManager: Mounting plugin VariantManagerContent
LogPluginManager: Mounting plugin AlembicImporter
LogPluginManager: Mounting plugin AppleImageUtils
LogPluginManager: Mounting plugin AppleVision
LogPluginManager: Mounting plugin BackChannel
LogPluginManager: Mounting plugin CharacterAI
LogPluginManager: Mounting plugin GeometryCache
LogPluginManager: Mounting plugin HTML5Networking
LogPluginManager: Mounting plugin ProxyLODPlugin
LogPluginManager: Mounting plugin SkeletalReduction
LogPluginManager: Mounting plugin MagicLeap
LogPluginManager: Mounting plugin MagicLeapMedia
LogPluginManager: Mounting plugin AndroidMedia
LogPluginManager: Mounting plugin AvfMedia
LogPluginManager: Mounting plugin ImgMedia
LogPluginManager: Mounting plugin LinearTimecode
LogPluginManager: Mounting plugin MediaCompositing
LogPluginManager: Mounting plugin MediaPlayerEditor
LogPluginManager: Mounting plugin WebMMedia
LogPluginManager: Mounting plugin WmfMedia
LogPluginManager: Mounting plugin TcpMessaging
LogPluginManager: Mounting plugin UdpMessaging
LogPluginManager: Mounting plugin ActorSequence
LogPluginManager: Mounting plugin LevelSequenceEditor
LogPluginManager: Mounting plugin MatineeToLevelSequence
LogPluginManager: Mounting plugin NetcodeUnitTest
LogPluginManager: Mounting plugin NUTUnrealEngine4
LogPluginManager: Mounting plugin OnlineSubsystemGooglePlay
LogPluginManager: Mounting plugin OnlineSubsystemIOS
LogPluginManager: Mounting plugin OnlineSubsystem
LogPluginManager: Mounting plugin OnlineSubsystemNull
LogPluginManager: Mounting plugin OnlineSubsystemUtils
LogPluginManager: Mounting plugin LauncherChunkInstaller
LogPluginManager: Mounting plugin AndroidDeviceProfileSelector
LogPluginManager: Mounting plugin AndroidMoviePlayer
LogPluginManager: Mounting plugin AndroidPermission
LogPluginManager: Mounting plugin AppleMoviePlayer
LogPluginManager: Mounting plugin ArchVisCharacter
LogPluginManager: Mounting plugin AudioCapture
LogPluginManager: Mounting plugin CableComponent
LogPluginManager: Mounting plugin CustomMeshComponent
LogPluginManager: Mounting plugin EditableMesh
LogPluginManager: Mounting plugin ExampleDeviceProfileSelector
LogPluginManager: Mounting plugin Firebase
LogPluginManager: Mounting plugin GoogleCloudMessaging
LogPluginManager: Mounting plugin IOSDeviceProfileSelector
LogPluginManager: Mounting plugin LinuxDeviceProfileSelector
LogPluginManager: Mounting plugin LocationServicesBPLibrary
LogPluginManager: Mounting plugin MobilePatchingUtils
LogPluginManager: Mounting plugin OculusVR
LogPluginManager: Mounting plugin PhysXVehicles
LogPluginManager: Mounting plugin ProceduralMeshComponent
LogPluginManager: Mounting plugin RuntimePhysXCooking
LogPluginManager: Mounting plugin SignificanceManager
LogPluginManager: Mounting plugin SteamVR
LogPluginManager: Mounting plugin WebMMoviePlayer
LogPluginManager: Mounting plugin WindowsMoviePlayer
LogInit: Using libcurl 7.55.1-DEV
LogInit:  - built for x86_64-pc-win32
LogInit:  - supports SSL with OpenSSL/1.1.1
LogInit:  - supports HTTP deflate (compression) using libz 1.2.8
LogInit:  - other features:
LogInit:      CURL_VERSION_SSL
LogInit:      CURL_VERSION_LIBZ
LogInit:      CURL_VERSION_IPV6
LogInit:      CURL_VERSION_ASYNCHDNS
LogInit:      CURL_VERSION_LARGEFILE
LogInit:      CURL_VERSION_IDN
LogInit:  CurlRequestOptions (configurable via config and command line):
LogInit:  - bVerifyPeer = true  - Libcurl will verify peer certificate
LogInit:  - bUseHttpProxy = false  - Libcurl will NOT use HTTP proxy
LogInit:  - bDontReuseConnections = false  - Libcurl will reuse connections
LogInit:  - MaxHostConnections = 16  - Libcurl will limit the number of connections to a host
LogInit:  - LocalHostAddr = Default
LogInit:  - BufferSize = 65536
LogInit: WinSock: version 1.1 (2.2), MaxSocks=32767, MaxUdp=65467
LogInit: Build: ++UE4+Release-4.22-CL-7053642
LogInit: Engine Version: 4.22.3-7053642+++UE4+Release-4.22
LogInit: Compatible Engine Version: 4.22.0-5660361+++UE4+Release-4.22
LogInit: Net CL: 5660361
LogInit: OS: Windows 10 (Release 1809) (), CPU: Intel(R) Core(TM) i5-6300U CPU @ 2.40GHz, GPU: Intel(R) HD Graphics 520
LogInit: Compiled (64-bit): Jun 18 2019 03:09:11
LogInit: Compiled with Visual C++: 19.16.27025.01
LogInit: Build Configuration: Development
LogInit: Branch Name: ++UE4+Release-4.22
LogInit: Command Line: 
LogInit: Base Directory: C:/Program Files/Epic Games/UE_4.22/Engine/Binaries/Win64/
LogInit: Installed Engine Build: 1
LogDevObjectVersion: Number of dev versions registered: 23
LogDevObjectVersion:   Dev-Blueprints (B0D832E4-1F89-4F0D-ACCF-7EB736FD4AA2): 10
LogDevObjectVersion:   Dev-Build (E1C64328-A22C-4D53-A36C-8E866417BD8C): 0
LogDevObjectVersion:   Dev-Core (375EC13C-06E4-48FB-B500-84F0262A717E): 3
LogDevObjectVersion:   Dev-Editor (E4B068ED-F494-42E9-A231-DA0B2E46BB41): 30
LogDevObjectVersion:   Dev-Framework (CFFC743F-43B0-4480-9391-14DF171D2073): 35
LogDevObjectVersion:   Dev-Mobile (B02B49B5-BB20-44E9-A304-32B752E40360): 2
LogDevObjectVersion:   Dev-Networking (A4E4105C-59A1-49B5-A7C5-40C4547EDFEE): 0
LogDevObjectVersion:   Dev-Online (39C831C9-5AE6-47DC-9A44-9C173E1C8E7C): 0
LogDevObjectVersion:   Dev-Physics (78F01B33-EBEA-4F98-B9B4-84EACCB95AA2): 0
LogDevObjectVersion:   Dev-Platform (6631380F-2D4D-43E0-8009-CF276956A95A): 0
LogDevObjectVersion:   Dev-Rendering (12F88B9F-8875-4AFC-A67C-D90C383ABD29): 28
LogDevObjectVersion:   Dev-Sequencer (7B5AE74C-D270-4C10-A958-57980B212A5A): 11
LogDevObjectVersion:   Dev-VR (D7296918-1DD6-4BDD-9DE2-64A83CC13884): 2
LogDevObjectVersion:   Dev-LoadTimes (C2A15278-BFE7-4AFE-6C17-90FF531DF755): 1
LogDevObjectVersion:   Private-Geometry (6EACA3D4-40EC-4CC1-B786-8BED09428FC5): 3
LogDevObjectVersion:   Dev-AnimPhys (29E575DD-E0A3-4627-9D10-D276232CDCEA): 17
LogDevObjectVersion:   Dev-Anim (AF43A65D-7FD3-4947-9873-3E8ED9C1BB05): 2
LogDevObjectVersion:   Dev-ReflectionCapture (6B266CEC-1EC7-4B8F-A30B-E4D90942FC07): 1
LogDevObjectVersion:   Dev-Automation (0DF73D61-A23F-47EA-B727-89E90C41499A): 1
LogDevObjectVersion:   FortniteMain (601D1886-AC64-4F84-AA16-D3DE0DEAC7D6): 25
LogDevObjectVersion:   Dev-Enterprise (9DFFBCD6-494F-0158-E221-12823C92A888): 6
LogDevObjectVersion:   Dev-Niagara (F2AED0AC-9AFE-416F-8664-AA7FFA26D6FC): 1
LogDevObjectVersion:   Dev-Destruction (174F1F0B-B4C6-45A5-B13F-2EE8D0FB917D): 2
LogInit: Presizing for max 16777216 objects, including 0 objects not considered by GC, pre-allocating 0 bytes for permanent pool.
LogInit: Object subsystem initialized
LogConfig: Setting CVar [[con.DebugEarlyDefault:1]]
LogConfig: Setting CVar [[r.setres:1280x720]]
[2019.11.14-18.07.52:557][  0]LogConfig: Setting CVar [[r.VSync:0]]
[2019.11.14-18.07.52:557][  0]LogConfig: Setting CVar [[r.RHICmdBypass:0]]
[2019.11.14-18.07.52:557][  0]LogConfig: Applying CVar settings from Section [/Script/Engine.RendererSettings] File [C:/Users/Beven/Documents/Unreal Projects/Besterush/Besterush/Saved/Config/Windows/Engine.ini]
[2019.11.14-18.07.52:557][  0]LogConfig: Setting CVar [[r.GPUCrashDebugging:0]]
[2019.11.14-18.07.52:557][  0]LogConfig: Setting CVar [[r.MobileHDR:1]]
[2019.11.14-18.07.52:557][  0]LogConfig: Setting CVar [[r.Mobile.DisableVertexFog:1]]
[2019.11.14-18.07.52:557][  0]LogConfig: Setting CVar [[r.Shadow.CSM.MaxMobileCascades:2]]
[2019.11.14-18.07.52:557][  0]LogConfig: Setting CVar [[r.MobileMSAA:1]]
[2019.11.14-18.07.52:557][  0]LogConfig: Setting CVar [[r.Mobile.UseLegacyShadingModel:0]]
[2019.11.14-18.07.52:558][  0]LogConfig: Setting CVar [[r.Mobile.UseHWsRGBEncoding:0]]
[2019.11.14-18.07.52:558][  0]LogConfig: Setting CVar [[r.Mobile.AllowDitheredLODTransition:0]]
[2019.11.14-18.07.52:558][  0]LogConfig: Setting CVar [[r.Mobile.AllowSoftwareOcclusion:0]]
[2019.11.14-18.07.52:558][  0]LogConfig: Setting CVar [[r.DiscardUnusedQuality:0]]
[2019.11.14-18.07.52:558][  0]LogConfig: Setting CVar [[r.AllowOcclusionQueries:1]]
[2019.11.14-18.07.52:558][  0]LogConfig: Setting CVar [[r.MinScreenRadiusForLights:0.030000]]
[2019.11.14-18.07.52:558][  0]LogConfig: Setting CVar [[r.MinScreenRadiusForDepthPrepass:0.030000]]
[2019.11.14-18.07.52:558][  0]LogConfig: Setting CVar [[r.MinScreenRadiusForCSMDepth:0.010000]]
[2019.11.14-18.07.52:558][  0]LogConfig: Setting CVar [[r.PrecomputedVisibilityWarning:0]]
[2019.11.14-18.07.52:558][  0]LogConfig: Setting CVar [[r.TextureStreaming:1]]
[2019.11.14-18.07.52:558][  0]LogConfig: Setting CVar [[Compat.UseDXT5NormalMaps:0]]
[2019.11.14-18.07.52:558][  0]LogConfig: Setting CVar [[r.ClearCoatNormal:0]]
[2019.11.14-18.07.52:558][  0]LogConfig: Setting CVar [[r.ReflectionCaptureResolution:128]]
[2019.11.14-18.07.52:558][  0]LogConfig: Setting CVar [[r.ReflectionEnvironmentLightmapMixBasedOnRoughness:1]]
[2019.11.14-18.07.52:558][  0]LogConfig: Setting CVar [[r.ForwardShading:0]]
[2019.11.14-18.07.52:558][  0]LogConfig: Setting CVar [[r.VertexFoggingForOpaque:1]]
[2019.11.14-18.07.52:558][  0]LogConfig: Setting CVar [[r.AllowStaticLighting:1]]
[2019.11.14-18.07.52:558][  0]LogConfig: Setting CVar [[r.NormalMapsForStaticLighting:0]]
[2019.11.14-18.07.52:558][  0]LogConfig: Setting CVar [[r.GenerateMeshDistanceFields:0]]
[2019.11.14-18.07.52:558][  0]LogConfig: Setting CVar [[r.DistanceFieldBuild.EightBit:0]]
[2019.11.14-18.07.52:558][  0]LogConfig: Setting CVar [[r.GenerateLandscapeGIData:0]]
[2019.11.14-18.07.52:558][  0]LogConfig: Setting CVar [[r.DistanceFieldBuild.Compress:0]]
[2019.11.14-18.07.52:558][  0]LogConfig: Setting CVar [[r.TessellationAdaptivePixelsPerTriangle:48.000000]]
[2019.11.14-18.07.52:558][  0]LogConfig: Setting CVar [[r.SeparateTranslucency:1]]
[2019.11.14-18.07.52:558][  0]LogConfig: Setting CVar [[r.TranslucentSortPolicy:0]]
[2019.11.14-18.07.52:573][  0]LogConfig: Setting CVar [[r.CustomDepth:1]]
[2019.11.14-18.07.52:573][  0]LogConfig: Setting CVar [[r.CustomDepthTemporalAAJitter:1]]
[2019.11.14-18.07.52:573][  0]LogConfig: Setting CVar [[r.PostProcessing.PropagateAlpha:0]]
[2019.11.14-18.07.52:573][  0]LogConfig: Setting CVar [[r.DOF.Algorithm:1]]
[2019.11.14-18.07.52:573][  0]LogConfig: Setting CVar [[r.DefaultFeature.Bloom:1]]
[2019.11.14-18.07.52:573][  0]LogConfig: Setting CVar [[r.DefaultFeature.AmbientOcclusion:1]]
[2019.11.14-18.07.52:573][  0]LogConfig: Setting CVar [[r.DefaultFeature.AmbientOcclusionStaticFraction:1]]
[2019.11.14-18.07.52:573][  0]LogConfig: Setting CVar [[r.DefaultFeature.AutoExposure:0]]
[2019.11.14-18.07.52:573][  0]LogConfig: Setting CVar [[r.DefaultFeature.AutoExposure.Method:0]]
[2019.11.14-18.07.52:573][  0]LogConfig: Setting CVar [[r.DefaultFeature.AutoExposure.ExtendDefaultLuminanceRange:0]]
[2019.11.14-18.07.52:573][  0]LogConfig: Setting CVar [[r.UsePreExposure:0]]
[2019.11.14-18.07.52:573][  0]LogConfig: Setting CVar [[r.DefaultFeature.MotionBlur:0]]
[2019.11.14-18.07.52:573][  0]LogConfig: Setting CVar [[r.DefaultFeature.LensFlare:0]]
[2019.11.14-18.07.52:573][  0]LogConfig: Setting CVar [[r.TemporalAA.Upsampling:0]]
[2019.11.14-18.07.52:573][  0]LogConfig: Setting CVar [[r.DefaultFeature.AntiAliasing:0]]
[2019.11.14-18.07.52:574][  0]LogConfig: Setting CVar [[r.DefaultFeature.LightUnits:1]]
[2019.11.14-18.07.52:574][  0]LogConfig: Setting CVar [[r.DefaultBackBufferPixelFormat:4]]
[2019.11.14-18.07.52:574][  0]LogConfig: Setting CVar [[r.Shadow.UnbuiltPreviewInGame:1]]
[2019.11.14-18.07.52:574][  0]LogConfig: Setting CVar [[r.StencilForLODDither:0]]
[2019.11.14-18.07.52:574][  0]LogConfig: Setting CVar [[r.EarlyZPass:3]]
[2019.11.14-18.07.52:574][  0]LogConfig: Setting CVar [[r.EarlyZPassOnlyMaterialMasking:0]]
[2019.11.14-18.07.52:574][  0]LogConfig: Setting CVar [[r.DBuffer:1]]
[2019.11.14-18.07.52:574][  0]LogConfig: Setting CVar [[r.ClearSceneMethod:1]]
[2019.11.14-18.07.52:574][  0]LogConfig: Setting CVar [[r.BasePassOutputsVelocity:0]]
[2019.11.14-18.07.52:574][  0]LogConfig: Setting CVar [[r.SelectiveBasePassOutputs:0]]
[2019.11.14-18.07.52:574][  0]LogConfig: Setting CVar [[fx.GPUSimulationTextureSizeX:1024]]
[2019.11.14-18.07.52:574][  0]LogConfig: Setting CVar [[fx.GPUSimulationTextureSizeY:1024]]
[2019.11.14-18.07.52:574][  0]LogConfig: Setting CVar [[r.AllowGlobalClipPlane:0]]
[2019.11.14-18.07.52:574][  0]LogConfig: Setting CVar [[r.GBufferFormat:1]]
[2019.11.14-18.07.52:574][  0]LogConfig: Setting CVar [[r.MorphTarget.Mode:1]]
[2019.11.14-18.07.52:574][  0]LogConfig: Setting CVar [[vr.InstancedStereo:0]]
[2019.11.14-18.07.52:574][  0]LogConfig: Setting CVar [[vr.MultiView:0]]
[2019.11.14-18.07.52:574][  0]LogConfig: Setting CVar [[vr.MobileMultiView:0]]
[2019.11.14-18.07.52:574][  0]LogConfig: Setting CVar [[vr.MobileMultiView.Direct:0]]
[2019.11.14-18.07.52:574][  0]LogConfig: Setting CVar [[vr.RoundRobinOcclusion:0]]
[2019.11.14-18.07.52:574][  0]LogConfig: Setting CVar [[vr.ODSCapture:0]]
[2019.11.14-18.07.52:575][  0]LogConfig: Setting CVar [[r.WireframeCullThreshold:5.000000]]
[2019.11.14-18.07.52:575][  0]LogConfig: Setting CVar [[r.RayTracing:0]]
[2019.11.14-18.07.52:575][  0]LogConfig: Setting CVar [[r.SupportStationarySkylight:1]]
[2019.11.14-18.07.52:575][  0]LogConfig: Setting CVar [[r.SupportLowQualityLightmaps:1]]
[2019.11.14-18.07.52:575][  0]LogConfig: Setting CVar [[r.SupportPointLightWholeSceneShadows:1]]
[2019.11.14-18.07.52:575][  0]LogConfig: Setting CVar [[r.SupportAtmosphericFog:1]]
[2019.11.14-18.07.52:575][  0]LogConfig: Setting CVar [[r.SkinCache.CompileShaders:0]]
[2019.11.14-18.07.52:575][  0]LogConfig: Setting CVar [[r.Mobile.EnableStaticAndCSMShadowReceivers:1]]
[2019.11.14-18.07.52:575][  0]LogConfig: Setting CVar [[r.Mobile.EnableMovableLightCSMShaderCulling:1]]
[2019.11.14-18.07.52:575][  0]LogConfig: Setting CVar [[r.Mobile.AllowDistanceFieldShadows:1]]
[2019.11.14-18.07.52:575][  0]LogConfig: Setting CVar [[r.Mobile.AllowMovableDirectionalLights:1]]
[2019.11.14-18.07.52:575][  0]LogConfig: Setting CVar [[r.MobileNumDynamicPointLights:4]]
[2019.11.14-18.07.52:575][  0]LogConfig: Setting CVar [[r.MobileDynamicPointLightsUseStaticBranch:1]]
[2019.11.14-18.07.52:575][  0]LogConfig: Setting CVar [[r.Mobile.EnableMovableSpotlights:0]]
[2019.11.14-18.07.52:575][  0]LogConfig: Setting CVar [[r.SkinCache.SceneMemoryLimitInMB:128.000000]]
[2019.11.14-18.07.52:575][  0]LogConfig: Setting CVar [[r.GPUSkin.Limit2BoneInfluences:0]]
[2019.11.14-18.07.52:575][  0]LogConfig: Setting CVar [[r.SupportDepthOnlyIndexBuffers:1]]
[2019.11.14-18.07.52:575][  0]LogConfig: Setting CVar [[r.SupportReversedIndexBuffers:1]]
[2019.11.14-18.07.52:575][  0]LogConfig: Setting CVar [[r.SupportMaterialLayers:0]]
[2019.11.14-18.07.52:575][  0]LogConfig: Applying CVar settings from Section [/Script/Engine.RendererOverrideSettings] File [C:/Users/Beven/Documents/Unreal Projects/Besterush/Besterush/Saved/Config/Windows/Engine.ini]
[2019.11.14-18.07.52:575][  0]LogConfig: Applying CVar settings from Section [/Script/Engine.StreamingSettings] File [C:/Users/Beven/Documents/Unreal Projects/Besterush/Besterush/Saved/Config/Windows/Engine.ini]
[2019.11.14-18.07.52:575][  0]LogConfig: Setting CVar [[s.MinBulkDataSizeForAsyncLoading:131072]]
[2019.11.14-18.07.52:575][  0]LogConfig: Setting CVar [[s.AsyncLoadingThreadEnabled:0]]
[2019.11.14-18.07.52:575][  0]LogConfig: Setting CVar [[s.EventDrivenLoaderEnabled:1]]
[2019.11.14-18.07.52:575][  0]LogConfig: Setting CVar [[s.WarnIfTimeLimitExceeded:0]]
[2019.11.14-18.07.52:575][  0]LogConfig: Setting CVar [[s.TimeLimitExceededMultiplier:1.5]]
[2019.11.14-18.07.52:575][  0]LogConfig: Setting CVar [[s.TimeLimitExceededMinTime:0.005]]
[2019.11.14-18.07.52:575][  0]LogConfig: Setting CVar [[s.UseBackgroundLevelStreaming:1]]
[2019.11.14-18.07.52:576][  0]LogConfig: Setting CVar [[s.PriorityAsyncLoadingExtraTime:15.0]]
[2019.11.14-18.07.52:576][  0]LogConfig: Setting CVar [[s.LevelStreamingActorsUpdateTimeLimit:5.0]]
[2019.11.14-18.07.52:576][  0]LogConfig: Setting CVar [[s.PriorityLevelStreamingActorsUpdateExtraTime:5.0]]
[2019.11.14-18.07.52:576][  0]LogConfig: Setting CVar [[s.LevelStreamingComponentsRegistrationGranularity:10]]
[2019.11.14-18.07.52:576][  0]LogConfig: Setting CVar [[s.UnregisterComponentsTimeLimit:1.0]]
[2019.11.14-18.07.52:576][  0]LogConfig: Setting CVar [[s.LevelStreamingComponentsUnregistrationGranularity:5]]
[2019.11.14-18.07.52:576][  0]LogConfig: Applying CVar settings from Section [/Script/Engine.GarbageCollectionSettings] File [C:/Users/Beven/Documents/Unreal Projects/Besterush/Besterush/Saved/Config/Windows/Engine.ini]
[2019.11.14-18.07.52:576][  0]LogConfig: Setting CVar [[gc.MaxObjectsNotConsideredByGC:1]]
[2019.11.14-18.07.52:576][  0]LogConfig: Setting CVar [[gc.SizeOfPermanentObjectPool:0]]
[2019.11.14-18.07.52:576][  0]LogConfig: Setting CVar [[gc.FlushStreamingOnGC:0]]
[2019.11.14-18.07.52:576][  0]LogConfig: Setting CVar [[gc.NumRetriesBeforeForcingGC:10]]
[2019.11.14-18.07.52:576][  0]LogConfig: Setting CVar [[gc.AllowParallelGC:1]]
[2019.11.14-18.07.52:576][  0]LogConfig: Setting CVar [[gc.TimeBetweenPurgingPendingKillObjects:61.1]]
[2019.11.14-18.07.52:576][  0]LogConfig: Setting CVar [[gc.MaxObjectsInEditor:16777216]]
[2019.11.14-18.07.52:576][  0]LogConfig: Setting CVar [[gc.IncrementalBeginDestroyEnabled:1]]
[2019.11.14-18.07.52:576][  0]LogConfig: Setting CVar [[gc.CreateGCClusters:1]]
[2019.11.14-18.07.52:576][  0]LogConfig: Setting CVar [[gc.MinGCClusterSize:5]]
[2019.11.14-18.07.52:576][  0]LogConfig: Setting CVar [[gc.ActorClusteringEnabled:0]]
[2019.11.14-18.07.52:576][  0]LogConfig: Setting CVar [[gc.BlueprintClusteringEnabled:0]]
[2019.11.14-18.07.52:576][  0]LogConfig: Setting CVar [[gc.UseDisregardForGCOnDedicatedServers:0]]
[2019.11.14-18.07.52:576][  0]LogConfig: Applying CVar settings from Section [/Script/Engine.NetworkSettings] File [C:/Users/Beven/Documents/Unreal Projects/Besterush/Besterush/Saved/Config/Windows/Engine.ini]
[2019.11.14-18.07.52:576][  0]LogConfig: Applying CVar settings from Section [/Script/UnrealEd.CookerSettings] File [C:/Users/Beven/Documents/Unreal Projects/Besterush/Besterush/Saved/Config/Windows/Engine.ini]
[2019.11.14-18.07.52:580][  0]LogConfig: Applying CVar settings from Section [ViewDistanceQuality@3] File [C:/Users/Beven/Documents/Unreal Projects/Besterush/Besterush/Saved/Config/Windows/Scalability.ini]
[2019.11.14-18.07.52:580][  0]LogConfig: Setting CVar [[r.SkeletalMeshLODBias:0]]
[2019.11.14-18.07.52:580][  0]LogConfig: Setting CVar [[r.ViewDistanceScale:1.0]]
[2019.11.14-18.07.52:580][  0]LogConfig: Applying CVar settings from Section [AntiAliasingQuality@3] File [C:/Users/Beven/Documents/Unreal Projects/Besterush/Besterush/Saved/Config/Windows/Scalability.ini]
[2019.11.14-18.07.52:580][  0]LogConfig: Setting CVar [[r.PostProcessAAQuality:4]]
[2019.11.14-18.07.52:580][  0]LogConfig: Applying CVar settings from Section [ShadowQuality@3] File [C:/Users/Beven/Documents/Unreal Projects/Besterush/Besterush/Saved/Config/Windows/Scalability.ini]
[2019.11.14-18.07.52:580][  0]LogConfig: Setting CVar [[r.LightFunctionQuality:1]]
[2019.11.14-18.07.52:580][  0]LogConfig: Setting CVar [[r.ShadowQuality:5]]
[2019.11.14-18.07.52:580][  0]LogConfig: Setting CVar [[r.Shadow.CSM.MaxCascades:10]]
[2019.11.14-18.07.52:580][  0]LogConfig: Setting CVar [[r.Shadow.MaxResolution:2048]]
[2019.11.14-18.07.52:580][  0]LogConfig: Setting CVar [[r.Shadow.MaxCSMResolution:2048]]
[2019.11.14-18.07.52:580][  0]LogConfig: Setting CVar [[r.Shadow.RadiusThreshold:0.01]]
[2019.11.14-18.07.52:580][  0]LogConfig: Setting CVar [[r.Shadow.DistanceScale:1.0]]
[2019.11.14-18.07.52:580][  0]LogConfig: Setting CVar [[r.Shadow.CSM.TransitionScale:1.0]]
[2019.11.14-18.07.52:580][  0]LogConfig: Setting CVar [[r.Shadow.PreShadowResolutionFactor:1.0]]
[2019.11.14-18.07.52:580][  0]LogConfig: Setting CVar [[r.DistanceFieldShadowing:1]]
[2019.11.14-18.07.52:580][  0]LogConfig: Setting CVar [[r.DistanceFieldAO:1]]
[2019.11.14-18.07.52:580][  0]LogConfig: Setting CVar [[r.AOQuality:2]]
[2019.11.14-18.07.52:580][  0]LogConfig: Setting CVar [[r.VolumetricFog:1]]
[2019.11.14-18.07.52:580][  0]LogConfig: Setting CVar [[r.VolumetricFog.GridPixelSize:8]]
[2019.11.14-18.07.52:581][  0]LogConfig: Setting CVar [[r.VolumetricFog.GridSizeZ:128]]
[2019.11.14-18.07.52:581][  0]LogConfig: Setting CVar [[r.VolumetricFog.HistoryMissSupersampleCount:4]]
[2019.11.14-18.07.52:581][  0]LogConfig: Setting CVar [[r.LightMaxDrawDistanceScale:1]]
[2019.11.14-18.07.52:581][  0]LogConfig: Setting CVar [[r.CapsuleShadows:1]]
[2019.11.14-18.07.52:581][  0]LogConfig: Applying CVar settings from Section [PostProcessQuality@3] File [C:/Users/Beven/Documents/Unreal Projects/Besterush/Besterush/Saved/Config/Windows/Scalability.ini]
[2019.11.14-18.07.52:581][  0]LogConfig: Setting CVar [[r.MotionBlurQuality:4]]
[2019.11.14-18.07.52:581][  0]LogConfig: Setting CVar [[r.AmbientOcclusionMipLevelFactor:0.4]]
[2019.11.14-18.07.52:581][  0]LogConfig: Setting CVar [[r.AmbientOcclusionMaxQuality:100]]
[2019.11.14-18.07.52:581][  0]LogConfig: Setting CVar [[r.AmbientOcclusionLevels:-1]]
[2019.11.14-18.07.52:581][  0]LogConfig: Setting CVar [[r.AmbientOcclusionRadiusScale:1.0]]
[2019.11.14-18.07.52:581][  0]LogConfig: Setting CVar [[r.DepthOfFieldQuality:2]]
[2019.11.14-18.07.52:581][  0]LogConfig: Setting CVar [[r.RenderTargetPoolMin:400]]
[2019.11.14-18.07.52:581][  0]LogConfig: Setting CVar [[r.LensFlareQuality:2]]
[2019.11.14-18.07.52:581][  0]LogConfig: Setting CVar [[r.SceneColorFringeQuality:1]]
[2019.11.14-18.07.52:581][  0]LogConfig: Setting CVar [[r.EyeAdaptationQuality:2]]
[2019.11.14-18.07.52:581][  0]LogConfig: Setting CVar [[r.BloomQuality:5]]
[2019.11.14-18.07.52:581][  0]LogConfig: Setting CVar [[r.FastBlurThreshold:100]]
[2019.11.14-18.07.52:581][  0]LogConfig: Setting CVar [[r.Upscale.Quality:3]]
[2019.11.14-18.07.52:581][  0]LogConfig: Setting CVar [[r.Tonemapper.GrainQuantization:1]]
[2019.11.14-18.07.52:581][  0]LogConfig: Setting CVar [[r.LightShaftQuality:1]]
[2019.11.14-18.07.52:581][  0]LogConfig: Setting CVar [[r.Filter.SizeScale:1]]
[2019.11.14-18.07.52:581][  0]LogConfig: Setting CVar [[r.Tonemapper.Quality:5]]
[2019.11.14-18.07.52:581][  0]LogConfig: Setting CVar [[r.DOF.Gather.AccumulatorQuality:1        ; higher gathering accumulator quality]]
[2019.11.14-18.07.52:581][  0]LogConfig: Setting CVar [[r.DOF.Gather.PostfilterMethod:1          ; Median3x3 postfilering method]]
[2019.11.14-18.07.52:581][  0]LogConfig: Setting CVar [[r.DOF.Gather.EnableBokehSettings:0       ; no bokeh simulation when gathering]]
[2019.11.14-18.07.52:581][  0]LogConfig: Setting CVar [[r.DOF.Gather.RingCount:4                 ; medium number of samples when gathering]]
[2019.11.14-18.07.52:581][  0]LogConfig: Setting CVar [[r.DOF.Scatter.ForegroundCompositing:1    ; additive foreground scattering]]
[2019.11.14-18.07.52:581][  0]LogConfig: Setting CVar [[r.DOF.Scatter.BackgroundCompositing:2    ; additive background scattering]]
[2019.11.14-18.07.52:582][  0]LogConfig: Setting CVar [[r.DOF.Scatter.EnableBokehSettings:1      ; bokeh simulation when scattering]]
[2019.11.14-18.07.52:582][  0]LogConfig: Setting CVar [[r.DOF.Scatter.MaxSpriteRatio:0.1         ; only a maximum of 10% of scattered bokeh]]
[2019.11.14-18.07.52:582][  0]LogConfig: Setting CVar [[r.DOF.Recombine.Quality:1                ; cheap slight out of focus]]
[2019.11.14-18.07.52:582][  0]LogConfig: Setting CVar [[r.DOF.Recombine.EnableBokehSettings:0    ; no bokeh simulation on slight out of focus]]
[2019.11.14-18.07.52:582][  0]LogConfig: Setting CVar [[r.DOF.TemporalAAQuality:1                ; more stable temporal accumulation]]
[2019.11.14-18.07.52:582][  0]LogConfig: Setting CVar [[r.DOF.Kernel.MaxForegroundRadius:0.025]]
[2019.11.14-18.07.52:582][  0]LogConfig: Setting CVar [[r.DOF.Kernel.MaxBackgroundRadius:0.025]]
[2019.11.14-18.07.52:582][  0]LogConfig: Applying CVar settings from Section [TextureQuality@3] File [C:/Users/Beven/Documents/Unreal Projects/Besterush/Besterush/Saved/Config/Windows/Scalability.ini]
[2019.11.14-18.07.52:582][  0]LogConfig: Setting CVar [[r.Streaming.MipBias:0]]
[2019.11.14-18.07.52:582][  0]LogConfig: Setting CVar [[r.Streaming.AmortizeCPUToGPUCopy:0]]
[2019.11.14-18.07.52:582][  0]LogConfig: Setting CVar [[r.Streaming.MaxNumTexturesToStreamPerFrame:0]]
[2019.11.14-18.07.52:582][  0]LogConfig: Setting CVar [[r.Streaming.Boost:1]]
[2019.11.14-18.07.52:582][  0]LogConfig: Setting CVar [[r.MaxAnisotropy:8]]
[2019.11.14-18.07.52:582][  0]LogConfig: Setting CVar [[r.Streaming.LimitPoolSizeToVRAM:0]]
[2019.11.14-18.07.52:582][  0]LogConfig: Setting CVar [[r.Streaming.PoolSize:1000]]
[2019.11.14-18.07.52:582][  0]LogConfig: Setting CVar [[r.Streaming.MaxEffectiveScreenSize:0]]
[2019.11.14-18.07.52:582][  0]LogConfig: Applying CVar settings from Section [EffectsQuality@3] File [C:/Users/Beven/Documents/Unreal Projects/Besterush/Besterush/Saved/Config/Windows/Scalability.ini]
[2019.11.14-18.07.52:582][  0]LogConfig: Setting CVar [[r.TranslucencyLightingVolumeDim:64]]
[2019.11.14-18.07.52:582][  0]LogConfig: Setting CVar [[r.RefractionQuality:2]]
[2019.11.14-18.07.52:582][  0]LogConfig: Setting CVar [[r.SSR.Quality:3]]
[2019.11.14-18.07.52:582][  0]LogConfig: Setting CVar [[r.SceneColorFormat:4]]
[2019.11.14-18.07.52:582][  0]LogConfig: Setting CVar [[r.DetailMode:2]]
[2019.11.14-18.07.52:582][  0]LogConfig: Setting CVar [[r.TranslucencyVolumeBlur:1]]
[2019.11.14-18.07.52:582][  0]LogConfig: Setting CVar [[r.MaterialQualityLevel:1 ; High quality]]
[2019.11.14-18.07.52:582][  0]LogConfig: Setting CVar [[r.SSS.Scale:1]]
[2019.11.14-18.07.52:582][  0]LogConfig: Setting CVar [[r.SSS.SampleSet:2]]
[2019.11.14-18.07.52:582][  0]LogConfig: Setting CVar [[r.SSS.Quality:1]]
[2019.11.14-18.07.52:582][  0]LogConfig: Setting CVar [[r.SSS.HalfRes:1]]
[2019.11.14-18.07.52:583][  0]LogConfig: Setting CVar [[r.EmitterSpawnRateScale:1.0]]
[2019.11.14-18.07.52:583][  0]LogConfig: Setting CVar [[r.ParticleLightQuality:2]]
[2019.11.14-18.07.52:583][  0]LogConfig: Applying CVar settings from Section [FoliageQuality@3] File [C:/Users/Beven/Documents/Unreal Projects/Besterush/Besterush/Saved/Config/Windows/Scalability.ini]
[2019.11.14-18.07.52:583][  0]LogConfig: Setting CVar [[foliage.DensityScale:1.0]]
[2019.11.14-18.07.52:583][  0]LogConfig: Setting CVar [[grass.DensityScale:1.0]]
[2019.11.14-18.07.52:583][  0]LogInit: Selected Device Profile: [Windows]
[2019.11.14-18.07.52:583][  0]LogInit: Applying CVar settings loaded from the selected device profile: [Windows]
[2019.11.14-18.07.52:607][  0]LogHAL: Display: Platform has ~ 16 GB [17054289920 / 17179869184 / 16], which maps to Larger [LargestMinGB=32, LargerMinGB=12, DefaultMinGB=8, SmallerMinGB=6, SmallestMinGB=0)
[2019.11.14-18.07.52:607][  0]LogConfig: Setting CVar [[r.Vulkan.UseRealUBs:0		; Required until we fix HLR fall-out]]
[2019.11.14-18.07.52:607][  0]LogInit: Going up to parent DeviceProfile []
[2019.11.14-18.07.52:607][  0]LogConfig: Applying CVar settings from Section [ViewDistanceQuality@3] File [C:/Users/Beven/Documents/Unreal Projects/Besterush/Besterush/Saved/Config/Windows/Scalability.ini]
[2019.11.14-18.07.52:607][  0]LogConfig: Setting CVar [[r.SkeletalMeshLODBias:0]]
[2019.11.14-18.07.52:607][  0]LogConfig: Setting CVar [[r.ViewDistanceScale:1.0]]
[2019.11.14-18.07.52:607][  0]LogConfig: Applying CVar settings from Section [AntiAliasingQuality@3] File [C:/Users/Beven/Documents/Unreal Projects/Besterush/Besterush/Saved/Config/Windows/Scalability.ini]
[2019.11.14-18.07.52:607][  0]LogConfig: Setting CVar [[r.PostProcessAAQuality:4]]
[2019.11.14-18.07.52:607][  0]LogConfig: Applying CVar settings from Section [ShadowQuality@3] File [C:/Users/Beven/Documents/Unreal Projects/Besterush/Besterush/Saved/Config/Windows/Scalability.ini]
[2019.11.14-18.07.52:607][  0]LogConfig: Setting CVar [[r.LightFunctionQuality:1]]
[2019.11.14-18.07.52:607][  0]LogConfig: Setting CVar [[r.ShadowQuality:5]]
[2019.11.14-18.07.52:607][  0]LogConfig: Setting CVar [[r.Shadow.CSM.MaxCascades:10]]
[2019.11.14-18.07.52:607][  0]LogConfig: Setting CVar [[r.Shadow.MaxResolution:2048]]
[2019.11.14-18.07.52:607][  0]LogConfig: Setting CVar [[r.Shadow.MaxCSMResolution:2048]]
[2019.11.14-18.07.52:607][  0]LogConfig: Setting CVar [[r.Shadow.RadiusThreshold:0.01]]
[2019.11.14-18.07.52:607][  0]LogConfig: Setting CVar [[r.Shadow.DistanceScale:1.0]]
[2019.11.14-18.07.52:607][  0]LogConfig: Setting CVar [[r.Shadow.CSM.TransitionScale:1.0]]
[2019.11.14-18.07.52:607][  0]LogConfig: Setting CVar [[r.Shadow.PreShadowResolutionFactor:1.0]]
[2019.11.14-18.07.52:607][  0]LogConfig: Setting CVar [[r.DistanceFieldShadowing:1]]
[2019.11.14-18.07.52:607][  0]LogConfig: Setting CVar [[r.DistanceFieldAO:1]]
[2019.11.14-18.07.52:607][  0]LogConfig: Setting CVar [[r.AOQuality:2]]
[2019.11.14-18.07.52:607][  0]LogConfig: Setting CVar [[r.VolumetricFog:1]]
[2019.11.14-18.07.52:607][  0]LogConfig: Setting CVar [[r.VolumetricFog.GridPixelSize:8]]
[2019.11.14-18.07.52:608][  0]LogConfig: Setting CVar [[r.VolumetricFog.GridSizeZ:128]]
[2019.11.14-18.07.52:608][  0]LogConfig: Setting CVar [[r.VolumetricFog.HistoryMissSupersampleCount:4]]
[2019.11.14-18.07.52:608][  0]LogConfig: Setting CVar [[r.LightMaxDrawDistanceScale:1]]
[2019.11.14-18.07.52:608][  0]LogConfig: Setting CVar [[r.CapsuleShadows:1]]
[2019.11.14-18.07.52:608][  0]LogConfig: Applying CVar settings from Section [PostProcessQuality@3] File [C:/Users/Beven/Documents/Unreal Projects/Besterush/Besterush/Saved/Config/Windows/Scalability.ini]
[2019.11.14-18.07.52:608][  0]LogConfig: Setting CVar [[r.MotionBlurQuality:4]]
[2019.11.14-18.07.52:608][  0]LogConfig: Setting CVar [[r.AmbientOcclusionMipLevelFactor:0.4]]
[2019.11.14-18.07.52:608][  0]LogConfig: Setting CVar [[r.AmbientOcclusionMaxQuality:100]]
[2019.11.14-18.07.52:608][  0]LogConfig: Setting CVar [[r.AmbientOcclusionLevels:-1]]
[2019.11.14-18.07.52:608][  0]LogConfig: Setting CVar [[r.AmbientOcclusionRadiusScale:1.0]]
[2019.11.14-18.07.52:608][  0]LogConfig: Setting CVar [[r.DepthOfFieldQuality:2]]
[2019.11.14-18.07.52:608][  0]LogConfig: Setting CVar [[r.RenderTargetPoolMin:400]]
[2019.11.14-18.07.52:608][  0]LogConfig: Setting CVar [[r.LensFlareQuality:2]]
[2019.11.14-18.07.52:608][  0]LogConfig: Setting CVar [[r.SceneColorFringeQuality:1]]
[2019.11.14-18.07.52:608][  0]LogConfig: Setting CVar [[r.EyeAdaptationQuality:2]]
[2019.11.14-18.07.52:608][  0]LogConfig: Setting CVar [[r.BloomQuality:5]]
[2019.11.14-18.07.52:608][  0]LogConfig: Setting CVar [[r.FastBlurThreshold:100]]
[2019.11.14-18.07.52:608][  0]LogConfig: Setting CVar [[r.Upscale.Quality:3]]
[2019.11.14-18.07.52:608][  0]LogConfig: Setting CVar [[r.Tonemapper.GrainQuantization:1]]
[2019.11.14-18.07.52:608][  0]LogConfig: Setting CVar [[r.LightShaftQuality:1]]
[2019.11.14-18.07.52:608][  0]LogConfig: Setting CVar [[r.Filter.SizeScale:1]]
[2019.11.14-18.07.52:608][  0]LogConfig: Setting CVar [[r.Tonemapper.Quality:5]]
[2019.11.14-18.07.52:608][  0]LogConfig: Setting CVar [[r.DOF.Gather.AccumulatorQuality:1        ; higher gathering accumulator quality]]
[2019.11.14-18.07.52:608][  0]LogConfig: Setting CVar [[r.DOF.Gather.PostfilterMethod:1          ; Median3x3 postfilering method]]
[2019.11.14-18.07.52:608][  0]LogConfig: Setting CVar [[r.DOF.Gather.EnableBokehSettings:0       ; no bokeh simulation when gathering]]
[2019.11.14-18.07.52:608][  0]LogConfig: Setting CVar [[r.DOF.Gather.RingCount:4                 ; medium number of samples when gathering]]
[2019.11.14-18.07.52:608][  0]LogConfig: Setting CVar [[r.DOF.Scatter.ForegroundCompositing:1    ; additive foreground scattering]]
[2019.11.14-18.07.52:608][  0]LogConfig: Setting CVar [[r.DOF.Scatter.BackgroundCompositing:2    ; additive background scattering]]
[2019.11.14-18.07.52:608][  0]LogConfig: Setting CVar [[r.DOF.Scatter.EnableBokehSettings:1      ; bokeh simulation when scattering]]
[2019.11.14-18.07.52:608][  0]LogConfig: Setting CVar [[r.DOF.Scatter.MaxSpriteRatio:0.1         ; only a maximum of 10% of scattered bokeh]]
[2019.11.14-18.07.52:608][  0]LogConfig: Setting CVar [[r.DOF.Recombine.Quality:1                ; cheap slight out of focus]]
[2019.11.14-18.07.52:608][  0]LogConfig: Setting CVar [[r.DOF.Recombine.EnableBokehSettings:0    ; no bokeh simulation on slight out of focus]]
[2019.11.14-18.07.52:608][  0]LogConfig: Setting CVar [[r.DOF.TemporalAAQuality:1                ; more stable temporal accumulation]]
[2019.11.14-18.07.52:608][  0]LogConfig: Setting CVar [[r.DOF.Kernel.MaxForegroundRadius:0.025]]
[2019.11.14-18.07.52:608][  0]LogConfig: Setting CVar [[r.DOF.Kernel.MaxBackgroundRadius:0.025]]
[2019.11.14-18.07.52:608][  0]LogConfig: Applying CVar settings from Section [TextureQuality@3] File [C:/Users/Beven/Documents/Unreal Projects/Besterush/Besterush/Saved/Config/Windows/Scalability.ini]
[2019.11.14-18.07.52:608][  0]LogConfig: Setting CVar [[r.Streaming.MipBias:0]]
[2019.11.14-18.07.52:608][  0]LogConfig: Setting CVar [[r.Streaming.AmortizeCPUToGPUCopy:0]]
[2019.11.14-18.07.52:608][  0]LogConfig: Setting CVar [[r.Streaming.MaxNumTexturesToStreamPerFrame:0]]
[2019.11.14-18.07.52:609][  0]LogConfig: Setting CVar [[r.Streaming.Boost:1]]
[2019.11.14-18.07.52:609][  0]LogConfig: Setting CVar [[r.MaxAnisotropy:8]]
[2019.11.14-18.07.52:609][  0]LogConfig: Setting CVar [[r.Streaming.LimitPoolSizeToVRAM:0]]
[2019.11.14-18.07.52:609][  0]LogConfig: Setting CVar [[r.Streaming.PoolSize:1000]]
[2019.11.14-18.07.52:609][  0]LogConfig: Setting CVar [[r.Streaming.MaxEffectiveScreenSize:0]]
[2019.11.14-18.07.52:609][  0]LogConfig: Applying CVar settings from Section [EffectsQuality@3] File [C:/Users/Beven/Documents/Unreal Projects/Besterush/Besterush/Saved/Config/Windows/Scalability.ini]
[2019.11.14-18.07.52:609][  0]LogConfig: Setting CVar [[r.TranslucencyLightingVolumeDim:64]]
[2019.11.14-18.07.52:609][  0]LogConfig: Setting CVar [[r.RefractionQuality:2]]
[2019.11.14-18.07.52:609][  0]LogConfig: Setting CVar [[r.SSR.Quality:3]]
[2019.11.14-18.07.52:609][  0]LogConfig: Setting CVar [[r.SceneColorFormat:4]]
[2019.11.14-18.07.52:609][  0]LogConfig: Setting CVar [[r.DetailMode:2]]
[2019.11.14-18.07.52:609][  0]LogConfig: Setting CVar [[r.TranslucencyVolumeBlur:1]]
[2019.11.14-18.07.52:609][  0]LogConfig: Setting CVar [[r.MaterialQualityLevel:1 ; High quality]]
[2019.11.14-18.07.52:609][  0]LogConfig: Setting CVar [[r.SSS.Scale:1]]
[2019.11.14-18.07.52:609][  0]LogConfig: Setting CVar [[r.SSS.SampleSet:2]]
[2019.11.14-18.07.52:609][  0]LogConfig: Setting CVar [[r.SSS.Quality:1]]
[2019.11.14-18.07.52:609][  0]LogConfig: Setting CVar [[r.SSS.HalfRes:1]]
[2019.11.14-18.07.52:609][  0]LogConfig: Setting CVar [[r.EmitterSpawnRateScale:1.0]]
[2019.11.14-18.07.52:609][  0]LogConfig: Setting CVar [[r.ParticleLightQuality:2]]
[2019.11.14-18.07.52:609][  0]LogConfig: Applying CVar settings from Section [FoliageQuality@3] File [C:/Users/Beven/Documents/Unreal Projects/Besterush/Besterush/Saved/Config/Windows/Scalability.ini]
[2019.11.14-18.07.52:609][  0]LogConfig: Setting CVar [[foliage.DensityScale:1.0]]
[2019.11.14-18.07.52:609][  0]LogConfig: Setting CVar [[grass.DensityScale:1.0]]
[2019.11.14-18.07.52:609][  0]LogConfig: Applying CVar settings from Section [Startup] File [../../../Engine/Config/ConsoleVariables.ini]
[2019.11.14-18.07.52:609][  0]LogConfig: Setting CVar [[net.UseAdaptiveNetUpdateFrequency:0]]
[2019.11.14-18.07.52:609][  0]LogConfig: Setting CVar [[p.chaos.AllowCreatePhysxBodies:1]]
[2019.11.14-18.07.52:609][  0]LogConfig: Applying CVar settings from Section [ConsoleVariables] File [C:/Users/Beven/Documents/Unreal Projects/Besterush/Besterush/Saved/Config/Windows/Engine.ini]
[2019.11.14-18.07.52:609][  0]LogInit: Computer: BEVEN-LAPTOP
[2019.11.14-18.07.52:609][  0]LogInit: User: Beven
[2019.11.14-18.07.52:609][  0]LogInit: CPU Page size=4096, Cores=2
[2019.11.14-18.07.52:609][  0]LogInit: High frequency timer resolution =10.000000 MHz
[2019.11.14-18.07.52:610][  0]LogMemory: Memory total: Physical=15.9GB (16GB approx)
[2019.11.14-18.07.52:610][  0]LogMemory: Platform Memory Stats for Windows
[2019.11.14-18.07.52:610][  0]LogMemory: Process Physical Memory: 96.32 MB used, 96.33 MB peak
[2019.11.14-18.07.52:610][  0]LogMemory: Process Virtual Memory: 83.85 MB used, 83.85 MB peak
[2019.11.14-18.07.52:610][  0]LogMemory: Physical Memory: 6695.19 MB used,  9569.05 MB free, 16264.24 MB total
[2019.11.14-18.07.52:610][  0]LogMemory: Virtual Memory: 4635.16 MB used,  134213096.00 MB free, 134217728.00 MB total
[2019.11.14-18.07.52:630][  0]LogInit: Using OS detected language (en-US).
[2019.11.14-18.07.52:630][  0]LogInit: Using OS detected locale (en-US).
[2019.11.14-18.07.52:631][  0]LogTextLocalizationManager: No specific localization for 'en-US' exists, so the 'en' localization will be used.
[2019.11.14-18.07.52:828][  0]LogInit: Setting process to per monitor DPI aware
[2019.11.14-18.07.52:879][  0]LogSlate: New Slate User Created.  User Index 0, Is Virtual User: 0
[2019.11.14-18.07.52:879][  0]LogSlate: Slate User Registered.  User Index 0, Is Virtual User: 0
[2019.11.14-18.07.53:114][  0]LogHMD: Failed to initialize OpenVR with code 110
[2019.11.14-18.07.53:114][  0]LogD3D11RHI: D3D11 adapters:
[2019.11.14-18.07.53:153][  0]LogD3D11RHI:    0. 'Intel(R) HD Graphics 520' (Feature Level 11_0)
[2019.11.14-18.07.53:153][  0]LogD3D11RHI:       128/0/8132 MB DedicatedVideo/DedicatedSystem/SharedSystem, Outputs:1, VendorId:0x8086
[2019.11.14-18.07.53:156][  0]LogD3D11RHI:    1. 'Microsoft Basic Render Driver' (Feature Level 11_0)
[2019.11.14-18.07.53:156][  0]LogD3D11RHI:       0/0/8132 MB DedicatedVideo/DedicatedSystem/SharedSystem, Outputs:0, VendorId:0x1414
[2019.11.14-18.07.53:156][  0]LogD3D11RHI: Chosen D3D11 Adapter: 0
[2019.11.14-18.07.53:163][  0]LogD3D11RHI: Creating new Direct3DDevice
[2019.11.14-18.07.53:163][  0]LogD3D11RHI:     GPU DeviceId: 0x1916 (for the marketing name, search the web for "GPU Device Id")
[2019.11.14-18.07.53:163][  0]LogWindows: EnumDisplayDevices:
[2019.11.14-18.07.53:163][  0]LogWindows:    0. 'Intel(R) HD Graphics 520' (P:1 D:1)
[2019.11.14-18.07.53:163][  0]LogWindows:    1. 'Intel(R) HD Graphics 520' (P:0 D:0)
[2019.11.14-18.07.53:164][  0]LogWindows:    2. 'Intel(R) HD Graphics 520' (P:0 D:0)
[2019.11.14-18.07.53:164][  0]LogWindows: DebugString: FoundDriverCount:3 
[2019.11.14-18.07.53:164][  0]LogD3D11RHI:     Adapter Name: Intel(R) HD Graphics 520
[2019.11.14-18.07.53:164][  0]LogD3D11RHI:   Driver Version: 25.20.100.6472 (internal:25.20.100.6472, unified:25.20.100.6472)
[2019.11.14-18.07.53:164][  0]LogD3D11RHI:      Driver Date: 12-10-2018
[2019.11.14-18.07.53:164][  0]LogRHI: Texture pool is 1523 MB (70% of 2176 MB)
[2019.11.14-18.07.53:197][  0]LogD3D11RHI: Async texture creation enabled
[2019.11.14-18.07.53:212][  0]LogRendererCore: FGlobalReadBuffer::InitRHI
[2019.11.14-18.07.53:213][  0]LogRendererCore: FGlobalReadBuffer::InitRHI
[2019.11.14-18.07.53:213][  0]LogRendererCore: FGlobalReadBuffer::InitRHI
[2019.11.14-18.07.53:217][  0]LogD3D11RHI: GPU Timing Frequency: 12.000048 (Debug: 2 0)
[2019.11.14-18.07.53:678][  0]LogTemp: Display: Module 'AllDesktopTargetPlatform' loaded TargetPlatform 'AllDesktop'
[2019.11.14-18.07.53:695][  0]LogTemp: Display: Module 'MacClientTargetPlatform' loaded TargetPlatform 'MacClient'
[2019.11.14-18.07.53:713][  0]LogTemp: Display: Module 'MacNoEditorTargetPlatform' loaded TargetPlatform 'MacNoEditor'
[2019.11.14-18.07.53:730][  0]LogTemp: Display: Module 'MacServerTargetPlatform' loaded TargetPlatform 'MacServer'
[2019.11.14-18.07.53:747][  0]LogTemp: Display: Module 'MacTargetPlatform' loaded TargetPlatform 'Mac'
[2019.11.14-18.07.53:765][  0]LogTemp: Display: Module 'WindowsClientTargetPlatform' loaded TargetPlatform 'WindowsClient'
[2019.11.14-18.07.53:782][  0]LogTemp: Display: Module 'WindowsNoEditorTargetPlatform' loaded TargetPlatform 'WindowsNoEditor'
[2019.11.14-18.07.53:799][  0]LogTemp: Display: Module 'WindowsServerTargetPlatform' loaded TargetPlatform 'WindowsServer'
[2019.11.14-18.07.53:807][  0]LogTemp: Display: Module 'WindowsTargetPlatform' loaded TargetPlatform 'Windows'
[2019.11.14-18.07.53:909][  0]LogTemp: Display: Module 'AndroidTargetPlatform' loaded TargetPlatform 'Android'
[2019.11.14-18.07.53:909][  0]LogTemp: Display: Module 'AndroidTargetPlatform' loaded TargetPlatform 'Android_ASTC'
[2019.11.14-18.07.53:909][  0]LogTemp: Display: Module 'AndroidTargetPlatform' loaded TargetPlatform 'Android_ATC'
[2019.11.14-18.07.53:909][  0]LogTemp: Display: Module 'AndroidTargetPlatform' loaded TargetPlatform 'Android_DXT'
[2019.11.14-18.07.53:909][  0]LogTemp: Display: Module 'AndroidTargetPlatform' loaded TargetPlatform 'Android_ETC1'
[2019.11.14-18.07.53:909][  0]LogTemp: Display: Module 'AndroidTargetPlatform' loaded TargetPlatform 'Android_ETC1a'
[2019.11.14-18.07.53:909][  0]LogTemp: Display: Module 'AndroidTargetPlatform' loaded TargetPlatform 'Android_ETC2'
[2019.11.14-18.07.53:909][  0]LogTemp: Display: Module 'AndroidTargetPlatform' loaded TargetPlatform 'Android_PVRTC'
[2019.11.14-18.07.53:909][  0]LogTemp: Display: Module 'AndroidTargetPlatform' loaded TargetPlatform 'AndroidClient'
[2019.11.14-18.07.53:909][  0]LogTemp: Display: Module 'AndroidTargetPlatform' loaded TargetPlatform 'Android_ASTCClient'
[2019.11.14-18.07.53:909][  0]LogTemp: Display: Module 'AndroidTargetPlatform' loaded TargetPlatform 'Android_ATCClient'
[2019.11.14-18.07.53:909][  0]LogTemp: Display: Module 'AndroidTargetPlatform' loaded TargetPlatform 'Android_DXTClient'
[2019.11.14-18.07.53:910][  0]LogTemp: Display: Module 'AndroidTargetPlatform' loaded TargetPlatform 'Android_ETC1Client'
[2019.11.14-18.07.53:910][  0]LogTemp: Display: Module 'AndroidTargetPlatform' loaded TargetPlatform 'Android_ETC1aClient'
[2019.11.14-18.07.53:910][  0]LogTemp: Display: Module 'AndroidTargetPlatform' loaded TargetPlatform 'Android_ETC2Client'
[2019.11.14-18.07.53:910][  0]LogTemp: Display: Module 'AndroidTargetPlatform' loaded TargetPlatform 'Android_PVRTCClient'
[2019.11.14-18.07.53:910][  0]LogTemp: Display: Module 'AndroidTargetPlatform' loaded TargetPlatform 'Android_Multi'
[2019.11.14-18.07.53:910][  0]LogTemp: Display: Module 'AndroidTargetPlatform' loaded TargetPlatform 'Android_MultiClient'
[2019.11.14-18.07.53:911][  0]LogTemp: Display: Module 'HTML5TargetPlatform' loaded TargetPlatform 'HTML5'
[2019.11.14-18.07.53:973][  0]LogTemp: Display: Module 'IOSTargetPlatform' loaded TargetPlatform 'IOSClient'
[2019.11.14-18.07.53:973][  0]LogTemp: Display: Module 'IOSTargetPlatform' loaded TargetPlatform 'IOS'
[2019.11.14-18.07.54:014][  0]LogTemp: Display: Module 'TVOSTargetPlatform' loaded TargetPlatform 'TVOSClient'
[2019.11.14-18.07.54:014][  0]LogTemp: Display: Module 'TVOSTargetPlatform' loaded TargetPlatform 'TVOS'
[2019.11.14-18.07.54:031][  0]LogTemp: Display: Module 'LinuxClientTargetPlatform' loaded TargetPlatform 'LinuxClient'
[2019.11.14-18.07.54:049][  0]LogTemp: Display: Module 'LinuxNoEditorTargetPlatform' loaded TargetPlatform 'LinuxNoEditor'
[2019.11.14-18.07.54:077][  0]LogTemp: Display: Module 'LinuxServerTargetPlatform' loaded TargetPlatform 'LinuxServer'
[2019.11.14-18.07.54:096][  0]LogTemp: Display: Module 'LinuxTargetPlatform' loaded TargetPlatform 'Linux'
[2019.11.14-18.07.54:161][  0]LogTemp: Display: Module 'LuminTargetPlatform' loaded TargetPlatform 'Lumin'
[2019.11.14-18.07.54:161][  0]LogTemp: Display: Module 'LuminTargetPlatform' loaded TargetPlatform 'LuminClient'
[2019.11.14-18.07.54:162][  0]LogTargetPlatformManager: Display: Building Assets For Windows
[2019.11.14-18.07.54:173][  0]LogAudioDebug: Display: Lib vorbis DLL was dynamically loaded.
[2019.11.14-18.07.54:240][  0]LogShaderCompilers: Guid format shader working directory is -30 characters bigger than the processId version (../../../../../../Users/Beven/Documents/Unreal Projects/Besterush/Besterush/Intermediate/Shaders/WorkingDirectory/16288/).
[2019.11.14-18.07.54:240][  0]LogShaderCompilers: Cleaned the shader compiler working directory 'C:/Users/Beven/AppData/Local/Temp/UnrealShaderWorkingDir/13AFCC6044ACF503F4E7E688843B65BD/'.
[2019.11.14-18.07.54:244][  0]LogXGEController: Cannot use XGE Controller as Incredibuild is not installed on this machine.
[2019.11.14-18.07.54:244][  0]LogShaderCompilers: Cannot use XGE Shader Compiler as Incredibuild is not installed on this machine.
[2019.11.14-18.07.54:244][  0]LogShaderCompilers: Display: Using Local Shader Compiler.
[2019.11.14-18.07.54:929][  0]LogDerivedDataCache: Display: Max Cache Size: 512 MB
[2019.11.14-18.07.54:984][  0]LogDerivedDataCache: Loaded boot cache 0.05s 71MB C:/Users/Beven/AppData/Local/UnrealEngine/4.22/DerivedDataCache/Boot.ddc.
[2019.11.14-18.07.54:984][  0]LogDerivedDataCache: Display: Loaded Boot cache: C:/Users/Beven/AppData/Local/UnrealEngine/4.22/DerivedDataCache/Boot.ddc
[2019.11.14-18.07.54:984][  0]LogDerivedDataCache: FDerivedDataBackendGraph:  Pak pak cache file ../../../../../../Users/Beven/Documents/Unreal Projects/Besterush/Besterush/DerivedDataCache/DDC.ddp not found, will not use a pak cache.
[2019.11.14-18.07.54:984][  0]LogDerivedDataCache: Unable to find inner node Pak for hierarchical cache Hierarchy.
[2019.11.14-18.07.54:984][  0]LogDerivedDataCache: FDerivedDataBackendGraph:  CompressedPak pak cache file ../../../../../../Users/Beven/Documents/Unreal Projects/Besterush/Besterush/DerivedDataCache/Compressed.ddp not found, will not use a pak cache.
[2019.11.14-18.07.54:984][  0]LogDerivedDataCache: Unable to find inner node CompressedPak for hierarchical cache Hierarchy.
[2019.11.14-18.07.55:000][  0]LogDerivedDataCache: Display: Pak cache opened for reading ../../../Engine/DerivedDataCache/Compressed.ddp.
[2019.11.14-18.07.55:004][  0]LogDerivedDataCache: Display: Pak cache opened for reading ../../../Enterprise/DerivedDataCache/Compressed.ddp.
[2019.11.14-18.07.55:016][  0]LogDerivedDataCache: Using Local data cache path C:/Users/Beven/AppData/Local/UnrealEngine/Common/DerivedDataCache: Writable
[2019.11.14-18.07.55:016][  0]LogDerivedDataCache: Shared data cache path not found in *engine.ini, will not use an Shared cache.
[2019.11.14-18.07.55:016][  0]LogDerivedDataCache: Unable to find inner node Shared for hierarchical cache Hierarchy.
[2019.11.14-18.07.55:044][  0]LogMaterial: Verifying Global Shaders for PCD3D_SM5
[2019.11.14-18.07.55:046][  0]LogSlate: Using FreeType 2.6.0
[2019.11.14-18.07.55:046][  0]LogSlate: SlateFontServices - WITH_FREETYPE: 1, WITH_HARFBUZZ: 1
[2019.11.14-18.07.55:146][  0]LogAssetRegistry: FAssetRegistry took 0.0365 seconds to start up
[2019.11.14-18.07.55:581][  0]LogInit: Selected Device Profile: [Windows]
[2019.11.14-18.07.55:750][  0]LogMeshReduction: Using QuadricMeshReduction for automatic static mesh reduction
[2019.11.14-18.07.55:750][  0]LogMeshReduction: Using SimplygonMeshReduction for automatic skeletal mesh reduction
[2019.11.14-18.07.55:750][  0]LogMeshReduction: Using ProxyLODMeshReduction for automatic mesh merging
[2019.11.14-18.07.55:750][  0]LogMeshReduction: No distributed automatic mesh merging module available
[2019.11.14-18.07.55:750][  0]LogMeshMerging: No distributed automatic mesh merging module available
[2019.11.14-18.07.55:772][  0]LogNetVersion: BesteRush 1.0.0, NetCL: 5660361, EngineNetVer: 10, GameNetVer: 0 (Checksum: 382791065)
[2019.11.14-18.07.56:307][  0]LogPackageLocalizationCache: Processed 10 localized package path(s) for 1 prioritized culture(s) in 0.054894 seconds
[2019.11.14-18.07.56:316][  0]LogUObjectArray: 42205 objects as part of root set at end of initial load.
[2019.11.14-18.07.56:316][  0]LogUObjectAllocator: 7325032 out of 0 bytes used by permanent object pool.
[2019.11.14-18.07.56:316][  0]LogUObjectArray: CloseDisregardForGC: 0/0 objects in disregard for GC pool
[2019.11.14-18.07.57:300][  0]LogTcpMessaging: Initializing TcpMessaging bridge
[2019.11.14-18.07.57:314][  0]LogUdpMessaging: Initializing bridge on interface 0.0.0.0:0 to multicast group 230.0.0.1:6666.
[2019.11.14-18.07.57:441][  0]SourceControl: Source control is disabled
[2019.11.14-18.07.58:085][  0]LogAndroidPermission: UAndroidPermissionCallbackProxy::GetInstance
[2019.11.14-18.07.58:184][  0]LogOcInput: OculusInput pre-init called
[2019.11.14-18.07.59:058][  0]LogEngine: Initializing Engine...
[2019.11.14-18.07.59:059][  0]LogHMD: Failed to initialize OpenVR with code 110
[2019.11.14-18.07.59:062][  0]LogStats: UGameplayTagsManager::InitializeManager -  0.000 s
[2019.11.14-18.07.59:320][  0]LogInit: Initializing FReadOnlyCVARCache
[2019.11.14-18.07.59:338][  0]LogAIModule: Creating AISystem for world Untitled
[2019.11.14-18.07.59:508][  0]LogInit: XAudio2 using 'Speaker/HP (Realtek High Definition Audio)' : 2 channels at 48 kHz using 32 bits per sample (channel mask 0x3)
[2019.11.14-18.07.59:574][  0]LogInit: FAudioDevice initialized.
[2019.11.14-18.07.59:574][  0]LogNetVersion: Set ProjectVersion to 1.0.0.0. Version Checksum will be recalculated on next use.
[2019.11.14-18.07.59:659][  0]LogDerivedDataCache: Saved boot cache 0.08s 71MB C:/Users/Beven/AppData/Local/UnrealEngine/4.22/DerivedDataCache/Boot.ddc.
[2019.11.14-18.07.59:666][  0]LogInit: Texture streaming: Enabled
[2019.11.14-18.07.59:688][  0]LogEngineSessionManager: EngineSessionManager initialized
[2019.11.14-18.07.59:714][  0]LogInit: Transaction tracking system initialized
[2019.11.14-18.07.59:744][  0]BlueprintLog: New page: Editor Load
[2019.11.14-18.07.59:840][  0]LocalizationService: Localization service is disabled
[2019.11.14-18.08.00:251][  0]LogFileCache: Scanning file cache for directory 'C:/Users/Beven/Documents/Unreal Projects/Besterush/Besterush/Content/' took 0.01s
[2019.11.14-18.08.00:251][  0]LogCook: Display: Max memory allowance for cook 16384mb min free memory 0mb
[2019.11.14-18.08.00:252][  0]LogCook: Display: Mobile HDR setting 1
[2019.11.14-18.08.00:467][  0]Cmd: MAP LOAD FILE="../../../../../../Users/Beven/Documents/Unreal Projects/Besterush/Besterush/Content/TwinStickBP/Maps/TwinStickExampleMap.umap" TEMPLATE=0 SHOWPROGRESS=1 FEATURELEVEL=3
[2019.11.14-18.08.00:467][  0]LightingResults: New page: Lighting Build
[2019.11.14-18.08.00:471][  0]MapCheck: New page: Map Check
[2019.11.14-18.08.00:471][  0]LightingResults: New page: Lighting Build
[2019.11.14-18.08.00:495][  0]LogUObjectHash: Compacting FUObjectHashTables data took   1.88ms
[2019.11.14-18.08.00:710][  0]LogAIModule: Creating AISystem for world TwinStickExampleMap
[2019.11.14-18.08.00:718][  0]LogEditorServer: Finished looking for orphan Actors (0.000 secs)
[2019.11.14-18.08.00:757][  0]LogUObjectHash: Compacting FUObjectHashTables data took   2.41ms
[2019.11.14-18.08.00:758][  0]Cmd: MAP CHECKDEP NOCLEARLOG
[2019.11.14-18.08.00:758][  0]MapCheck: Map check complete: 0 Error(s), 0 Warning(s), took 0.149ms to complete.
[2019.11.14-18.08.00:758][  0]LogFileHelpers: Loading map 'TwinStickExampleMap' took 0.291
[2019.11.14-18.08.00:943][  0]LogSlate: Updating window title bar state: overlay mode, drag disabled, window buttons hidden, title bar hidden
[2019.11.14-18.08.00:962][  0]LogSlate: Updating window title bar state: overlay mode, drag disabled, window buttons hidden, title bar hidden
[2019.11.14-18.08.00:976][  0]LogSlate: Updating window title bar state: overlay mode, drag disabled, window buttons hidden, title bar hidden
[2019.11.14-18.08.00:992][  0]LogSlate: Updating window title bar state: overlay mode, drag disabled, window buttons hidden, title bar hidden
[2019.11.14-18.08.01:000][  0]LogCollectionManager: Loaded 0 collections in 0.002461 seconds
[2019.11.14-18.08.01:032][  0]LogFileCache: Scanning file cache for directory 'C:/Users/Beven/Documents/Unreal Projects/Besterush/Besterush/Saved/Collections/' took 0.01s
[2019.11.14-18.08.01:032][  0]LogFileCache: Scanning file cache for directory 'C:/Users/Beven/Documents/Unreal Projects/Besterush/Besterush/Content/Developers/Beven/Collections/' took 0.01s
[2019.11.14-18.08.01:032][  0]LogFileCache: Scanning file cache for directory 'C:/Users/Beven/Documents/Unreal Projects/Besterush/Besterush/Content/Collections/' took 0.00s
[2019.11.14-18.08.01:032][  0]LogCollectionManager: Rebuilt the GUID cache for 0 collections in 0.000001 seconds
[2019.11.14-18.08.01:047][  0]LogContentBrowser: Native class hierarchy populated in 0.0144 seconds. Added 2732 classes and 659 folders.
[2019.11.14-18.08.01:072][  0]LogContentBrowser: Native class hierarchy updated for 'WidgetCarousel' in 0.0005 seconds. Added 0 classes and 0 folders.
[2019.11.14-18.08.01:074][  0]LogPakFile: Registered encryption key '00000000000000000000000000000000': 0 pak files mounted, 0 remain pending
[2019.11.14-18.08.01:075][  0]LogPakFile: Registered encryption key '00000000000000000000000000000000': 0 pak files mounted, 0 remain pending
[2019.11.14-18.08.01:076][  0]LogPakFile: Registered encryption key '00000000000000000000000000000000': 0 pak files mounted, 0 remain pending
[2019.11.14-18.08.01:077][  0]LogPakFile: Registered encryption key '00000000000000000000000000000000': 0 pak files mounted, 0 remain pending
[2019.11.14-18.08.01:077][  0]LogPakFile: Registered encryption key '00000000000000000000000000000000': 0 pak files mounted, 0 remain pending
[2019.11.14-18.08.01:078][  0]LogPakFile: Registered encryption key '00000000000000000000000000000000': 0 pak files mounted, 0 remain pending
[2019.11.14-18.08.01:079][  0]LogPakFile: Registered encryption key '00000000000000000000000000000000': 0 pak files mounted, 0 remain pending
[2019.11.14-18.08.01:080][  0]LogPakFile: Registered encryption key '00000000000000000000000000000000': 0 pak files mounted, 0 remain pending
[2019.11.14-18.08.01:080][  0]LogPakFile: Registered encryption key '00000000000000000000000000000000': 0 pak files mounted, 0 remain pending
[2019.11.14-18.08.01:080][  0]LogPakFile: Registered encryption key '00000000000000000000000000000000': 0 pak files mounted, 0 remain pending
[2019.11.14-18.08.01:081][  0]LogPakFile: Registered encryption key '00000000000000000000000000000000': 0 pak files mounted, 0 remain pending
[2019.11.14-18.08.01:082][  0]LogPakFile: Registered encryption key '00000000000000000000000000000000': 0 pak files mounted, 0 remain pending
[2019.11.14-18.08.01:083][  0]LogPakFile: Registered encryption key '00000000000000000000000000000000': 0 pak files mounted, 0 remain pending
[2019.11.14-18.08.01:084][  0]LogPakFile: Registered encryption key '00000000000000000000000000000000': 0 pak files mounted, 0 remain pending
[2019.11.14-18.08.01:085][  0]LogPakFile: Registered encryption key '00000000000000000000000000000000': 0 pak files mounted, 0 remain pending
[2019.11.14-18.08.01:086][  0]LogPakFile: Registered encryption key '00000000000000000000000000000000': 0 pak files mounted, 0 remain pending
[2019.11.14-18.08.01:087][  0]LogPakFile: Registered encryption key '00000000000000000000000000000000': 0 pak files mounted, 0 remain pending
[2019.11.14-18.08.01:087][  0]LogPakFile: Registered encryption key '00000000000000000000000000000000': 0 pak files mounted, 0 remain pending
[2019.11.14-18.08.01:088][  0]LogPakFile: Registered encryption key '00000000000000000000000000000000': 0 pak files mounted, 0 remain pending
[2019.11.14-18.08.01:089][  0]LogPakFile: Registered encryption key '00000000000000000000000000000000': 0 pak files mounted, 0 remain pending
[2019.11.14-18.08.01:090][  0]LogPakFile: Registered encryption key '00000000000000000000000000000000': 0 pak files mounted, 0 remain pending
[2019.11.14-18.08.01:091][  0]LogPakFile: Registered encryption key '00000000000000000000000000000000': 0 pak files mounted, 0 remain pending
[2019.11.14-18.08.01:092][  0]LogPakFile: Registered encryption key '00000000000000000000000000000000': 0 pak files mounted, 0 remain pending
[2019.11.14-18.08.01:093][  0]LogPakFile: Registered encryption key '00000000000000000000000000000000': 0 pak files mounted, 0 remain pending
[2019.11.14-18.08.01:094][  0]LogPakFile: Registered encryption key '00000000000000000000000000000000': 0 pak files mounted, 0 remain pending
[2019.11.14-18.08.01:094][  0]LogPakFile: Registered encryption key '00000000000000000000000000000000': 0 pak files mounted, 0 remain pending
[2019.11.14-18.08.01:095][  0]LogPakFile: Registered encryption key '00000000000000000000000000000000': 0 pak files mounted, 0 remain pending
[2019.11.14-18.08.01:096][  0]LogPakFile: Registered encryption key '00000000000000000000000000000000': 0 pak files mounted, 0 remain pending
[2019.11.14-18.08.01:144][  0]LogContentBrowser: Native class hierarchy updated for 'AddContentDialog' in 0.0004 seconds. Added 0 classes and 0 folders.
[2019.11.14-18.08.01:153][  0]LogContentBrowser: Native class hierarchy updated for 'SceneOutliner' in 0.0004 seconds. Added 1 classes and 2 folders.
[2019.11.14-18.08.01:305][  0]LogContentBrowser: Native class hierarchy updated for 'HierarchicalLODOutliner' in 0.0004 seconds. Added 0 classes and 0 folders.
[2019.11.14-18.08.01:305][  0]LogLoad: (Engine Initialization) Total time: 10.51 seconds
[2019.11.14-18.08.01:305][  0]LogLoad: (Engine Initialization) Total Blueprint compile time: 0.00 seconds
[2019.11.14-18.08.01:395][  0]LogContentStreaming: Texture pool size now 1000 MB
[2019.11.14-18.08.01:398][  0]LogSlate: Took 0.000444 seconds to synchronously load lazily loaded font '../../../Engine/Content/Slate/Fonts/Roboto-Regular.ttf' (155K)
[2019.11.14-18.08.01:403][  0]LogSlate: Took 0.000302 seconds to synchronously load lazily loaded font '../../../Engine/Content/Slate/Fonts/Roboto-Bold.ttf' (160K)
[2019.11.14-18.08.01:417][  0]LogSlate: Took 0.000395 seconds to synchronously load lazily loaded font '../../../Engine/Content/Editor/Slate/Fonts/FontAwesome.ttf' (139K)
[2019.11.14-18.08.02:154][  0]LogSlate: Took 0.000169 seconds to synchronously load lazily loaded font '../../../Engine/Content/Slate/Fonts/Roboto-Light.ttf' (167K)
[2019.11.14-18.08.02:206][  1]LogRenderer: Reallocating scene render targets to support 604x360 Format 10 NumSamples 1 (Frame:1).
[2019.11.14-18.08.02:206][  1]LogAssetRegistry: Asset discovery search completed in 7.0816 seconds
[2019.11.14-18.08.02:209][  1]LogCollectionManager: Rebuilt the object cache for 0 collections in 0.000000 seconds (found 0 objects)
[2019.11.14-18.08.02:209][  1]LogCollectionManager: Fixed up redirectors for 0 collections in 0.000069 seconds (updated 0 objects)
[2019.11.14-18.08.06:638][118]LogSlate: FSceneViewport::OnFocusLost() reason 0
[2019.11.14-18.08.46:803][369]LogSlate: Took 0.000204 seconds to synchronously load lazily loaded font '../../../Engine/Content/Slate/Fonts/Roboto-Light.ttf' (167K)
[2019.11.14-18.08.50:601][369]LogSlate: Window 'Pick Parent Class' being destroyed
[2019.11.14-18.08.56:623][540]LogUObjectHash: Compacting FUObjectHashTables data took   4.40ms
[2019.11.14-18.08.58:207][540]LogSlate: Window 'Delete Assets' being destroyed
[2019.11.14-18.08.58:426][540]LogUObjectHash: Compacting FUObjectHashTables data took   2.37ms
[2019.11.14-18.09.00:670][606]LogActorFactory: Actor Factory created Sphere
[2019.11.14-18.09.01:905][635]LogActorFactory: Actor Factory created Sphere
[2019.11.14-18.09.17:937][ 85]LogEditorViewport: Clicking on Actor (LMB): StaticMeshActor (Floor)
[2019.11.14-18.09.20:133][143]LogEditorViewport: Clicking on Actor (LMB): StaticMeshActor (Sphere)
[2019.11.14-18.09.27:909][382]LogSlate: FSceneViewport::OnFocusLost() reason 0
[2019.11.14-18.09.34:669][490]LogLinker: Warning: Can't find file '/Game/GT_Free2019/GT_SHADE/Materials/M_GT_Basic'
[2019.11.14-18.09.34:671][490]LogLinker: Warning: Can't find file for asset '/Game/GT_Free2019/GT_SHADE/Materials/M_GT_Basic' while loading NULL.
[2019.11.14-18.09.34:671][490]LogLinker: Warning: Can't find file '/Game/GT_Free2019/GT_SHADE/Materials/M_GT_Basic'
[2019.11.14-18.09.34:672][490]LogLinker: Warning: Can't find file for asset '/Game/GT_Free2019/GT_SHADE/Materials/M_GT_Basic' while loading NULL.
[2019.11.14-18.09.34:672][490]LogLinker: Warning: Can't find file '/Game/GT_Free2019/Materials/Bitmaps/Rock_DenseMartian/DenseMartianRock_basecolor'
[2019.11.14-18.09.34:673][490]LogLinker: Warning: Can't find file for asset '/Game/GT_Free2019/Materials/Bitmaps/Rock_DenseMartian/DenseMartianRock_basecolor' while loading NULL.
[2019.11.14-18.09.34:673][490]LogLinker: Warning: Can't find file '/Game/GT_Free2019/Materials/Bitmaps/Rock_DenseMartian/DenseMartianRock_height'
[2019.11.14-18.09.34:673][490]LogLinker: Warning: Can't find file for asset '/Game/GT_Free2019/Materials/Bitmaps/Rock_DenseMartian/DenseMartianRock_height' while loading NULL.
[2019.11.14-18.09.34:674][490]LogLinker: Warning: Can't find file '/Game/GT_Free2019/Materials/Bitmaps/Rock_DenseMartian/DenseMartianRock_mrao'
[2019.11.14-18.09.34:675][490]LogLinker: Warning: Can't find file for asset '/Game/GT_Free2019/Materials/Bitmaps/Rock_DenseMartian/DenseMartianRock_mrao' while loading NULL.
[2019.11.14-18.09.34:675][490]LogLinker: Warning: Can't find file '/Game/GT_Free2019/Materials/Bitmaps/Rock_DenseMartian/DenseMartianRock_normal'
[2019.11.14-18.09.34:675][490]LogLinker: Warning: Can't find file for asset '/Game/GT_Free2019/Materials/Bitmaps/Rock_DenseMartian/DenseMartianRock_normal' while loading NULL.
[2019.11.14-18.09.34:676][490]LogLinker: Warning: Can't find file '/Game/GT_Free2019/Materials/Bitmaps/Rock_DenseMartian/DenseMartianRock_basecolor'
[2019.11.14-18.09.34:676][490]LogLinker: Warning: Can't find file for asset '/Game/GT_Free2019/Materials/Bitmaps/Rock_DenseMartian/DenseMartianRock_basecolor' while loading NULL.
[2019.11.14-18.09.34:676][490]LogLinker: Warning: Can't find file '/Game/GT_Free2019/Materials/Bitmaps/Rock_DenseMartian/DenseMartianRock_height'
[2019.11.14-18.09.34:677][490]LogLinker: Warning: Can't find file for asset '/Game/GT_Free2019/Materials/Bitmaps/Rock_DenseMartian/DenseMartianRock_height' while loading NULL.
[2019.11.14-18.09.34:677][490]LogLinker: Warning: Can't find file '/Game/GT_Free2019/Materials/Bitmaps/Rock_DenseMartian/DenseMartianRock_mrao'
[2019.11.14-18.09.34:678][490]LogLinker: Warning: Can't find file for asset '/Game/GT_Free2019/Materials/Bitmaps/Rock_DenseMartian/DenseMartianRock_mrao' while loading NULL.
[2019.11.14-18.09.34:678][490]LogLinker: Warning: Can't find file '/Game/GT_Free2019/Materials/Bitmaps/Rock_DenseMartian/DenseMartianRock_normal'
[2019.11.14-18.09.34:678][490]LogLinker: Warning: Can't find file for asset '/Game/GT_Free2019/Materials/Bitmaps/Rock_DenseMartian/DenseMartianRock_normal' while loading NULL.
[2019.11.14-18.09.34:679][490]LogLinker: Warning: Can't find file '/Game/GT_Free2019/GT_SHADE/Materials/M_GT_Basic'
[2019.11.14-18.09.34:679][490]LoadErrors: Failed to load /Game/GT_Free2019/GT_SHADE/Materials/M_GT_Basic.M_GT_Basic Referenced by M_Rock_DenseMartian_Inst
[2019.11.14-18.09.34:679][490]LogLinker: Warning: Can't find file for asset '/Game/GT_Free2019/GT_SHADE/Materials/M_GT_Basic' while loading NULL.
[2019.11.14-18.09.34:680][490]LogLinker: Warning: Can't find file '/Game/GT_Free2019/Materials/Bitmaps/Rock_DenseMartian/DenseMartianRock_basecolor'
[2019.11.14-18.09.34:680][490]LoadErrors: Failed to load /Game/GT_Free2019/Materials/Bitmaps/Rock_DenseMartian/DenseMartianRock_basecolor.DenseMartianRock_basecolor Referenced by M_Rock_DenseMartian_Inst
[2019.11.14-18.09.34:680][490]LogLinker: Warning: Can't find file for asset '/Game/GT_Free2019/Materials/Bitmaps/Rock_DenseMartian/DenseMartianRock_basecolor' while loading NULL.
[2019.11.14-18.09.34:680][490]LogLinker: Warning: Can't find file '/Game/GT_Free2019/Materials/Bitmaps/Rock_DenseMartian/DenseMartianRock_height'
[2019.11.14-18.09.34:681][490]LoadErrors: Failed to load /Game/GT_Free2019/Materials/Bitmaps/Rock_DenseMartian/DenseMartianRock_height.DenseMartianRock_height Referenced by M_Rock_DenseMartian_Inst
[2019.11.14-18.09.34:681][490]LogLinker: Warning: Can't find file for asset '/Game/GT_Free2019/Materials/Bitmaps/Rock_DenseMartian/DenseMartianRock_height' while loading NULL.
[2019.11.14-18.09.34:681][490]LogLinker: Warning: Can't find file '/Game/GT_Free2019/Materials/Bitmaps/Rock_DenseMartian/DenseMartianRock_mrao'
[2019.11.14-18.09.34:681][490]LoadErrors: Failed to load /Game/GT_Free2019/Materials/Bitmaps/Rock_DenseMartian/DenseMartianRock_mrao.DenseMartianRock_mrao Referenced by M_Rock_DenseMartian_Inst
[2019.11.14-18.09.34:681][490]LogLinker: Warning: Can't find file for asset '/Game/GT_Free2019/Materials/Bitmaps/Rock_DenseMartian/DenseMartianRock_mrao' while loading NULL.
[2019.11.14-18.09.34:682][490]LogLinker: Warning: Can't find file '/Game/GT_Free2019/Materials/Bitmaps/Rock_DenseMartian/DenseMartianRock_normal'
[2019.11.14-18.09.34:682][490]LoadErrors: Failed to load /Game/GT_Free2019/Materials/Bitmaps/Rock_DenseMartian/DenseMartianRock_normal.DenseMartianRock_normal Referenced by M_Rock_DenseMartian_Inst
[2019.11.14-18.09.34:682][490]LogLinker: Warning: Can't find file for asset '/Game/GT_Free2019/Materials/Bitmaps/Rock_DenseMartian/DenseMartianRock_normal' while loading NULL.
[2019.11.14-18.10.04:476][911]LogEditorViewport: Clicking on Actor (LMB): StaticMeshActor (Floor)
[2019.11.14-18.10.08:304][  9]LogEditorViewport: Clicking on Actor (LMB): StaticMeshActor (Sphere)
[2019.11.14-18.10.14:058][166]LogEditorViewport: Clicking on Actor (LMB): TwinStickPawn_C (TwinStickPawn)
[2019.11.14-18.10.15:818][201]LogEditorViewport: Clicking on Actor (LMB): StaticMeshActor (Sphere)
[2019.11.14-18.10.17:826][242]LogSlate: FSceneViewport::OnFocusLost() reason 0
[2019.11.14-18.11.52:421][927]LogSlate: FSceneViewport::OnFocusLost() reason 2
[2019.11.14-18.11.57:544][221]MapCheck: New page: Map Check
[2019.11.14-18.11.57:559][221]LogSlate: FSceneViewport::OnFocusLost() reason 2
[2019.11.14-18.11.57:568][221]Cmd: MAP REBUILD ALLVISIBLE
[2019.11.14-18.11.57:568][221]LogEditorServer: Rebuildmap Clear paths rebuilt
[2019.11.14-18.11.57:727][221]LogUObjectHash: Compacting FUObjectHashTables data took   1.77ms
[2019.11.14-18.11.57:751][221]LogMaterial: Display: Missing cached shader map for material DebugViewMode MaterialTexCoordScale, compiling. 
[2019.11.14-18.11.57:765][221]LogMaterial: Display: Missing cached shader map for material DebugViewMode MaterialTexCoordScale, compiling. 
[2019.11.14-18.11.57:774][221]LogMaterial: Display: Missing cached shader map for material DebugViewMode MaterialTexCoordScale, compiling. 
[2019.11.14-18.11.57:786][221]LogMaterial: Display: Missing cached shader map for material DebugViewMode MaterialTexCoordScale, compiling. 
[2019.11.14-18.11.57:797][221]LogMaterial: Display: Missing cached shader map for material DebugViewMode MaterialTexCoordScale, compiling. 
[2019.11.14-18.11.59:164][221]TextureStreamingBuild: Display: Compiling optional shaders took 1.423 seconds.
[2019.11.14-18.11.59:179][221]LogLevel: Display: Export Material TexCoord Scales took 0.015 seconds.
[2019.11.14-18.11.59:193][221]TextureStreamingBuild: Display: Build Texture Streaming took 0.013 seconds.
[2019.11.14-18.11.59:216][221]LogUObjectHash: Compacting FUObjectHashTables data took   0.65ms
[2019.11.14-18.11.59:218][221]LightingResults: New page: Lighting Build - Nov 14, 2019, 6:11:59 AM
[2019.11.14-18.11.59:272][221]LogSwarmInterface: [OpenConnection] Registering TCP channel ...
[2019.11.14-18.11.59:458][221]LogSwarmInterface: [OpenConnection] Connecting to agent ...
[2019.11.14-18.11.59:482][221]LogSwarmInterface: [TryOpenConnection] Testing the Agent
[2019.11.14-18.12.00:522][221]LogSwarmInterface: [TryOpenConnection] Opening Connection to Agent
[2019.11.14-18.12.00:523][221]LogSwarmInterface: [TryOpenConnection] Local Process ID is 16288
[2019.11.14-18.12.03:819][221]LogStaticLightingSystem: Running Lightmass w/ ImmediateImport mode ENABLED
[2019.11.14-18.12.03:819][221]LogStaticLightingSystem: Running Lightmass w/ ImmediateProcess mode ENABLED
[2019.11.14-18.12.03:819][221]LogStaticLightingSystem: Running Lightmass w/ Sorting mode ENABLED
[2019.11.14-18.12.03:819][221]LogStaticLightingSystem: Running Lightmass w/ Mapping paddings ENABLED
[2019.11.14-18.12.03:819][221]LogStaticLightingSystem: Running Lightmass w/ Mapping debug paddings DISABLED
[2019.11.14-18.12.04:126][221]Cmd: MAP CHECK DONTDISPLAYDIALOG
[2019.11.14-18.12.04:126][221]MapCheck: New page: TwinStickExampleMap - Nov 14, 2019, 6:12:04 AM
[2019.11.14-18.12.04:126][221]MapCheck: Error: WorldSettings_1 Maps need lighting rebuilt 
[2019.11.14-18.12.04:128][221]MapCheck: Map check complete: 1 Error(s), 0 Warning(s), took 2.502ms to complete.
[2019.11.14-18.12.04:152][221]LogEditorBuildUtils: Build time 0:06
[2019.11.14-18.12.04:161][221]LogSlate: FSceneViewport::OnFocusLost() reason 2
[2019.11.14-18.12.04:486][226]LogUObjectHash: Compacting FUObjectHashTables data took   0.89ms
[2019.11.14-18.12.14:837][512]Job is a success!
[2019.11.14-18.12.15:091][513]LogVolumetricLightmapImport: Imported Volumetric Lightmap in 0.022s
[2019.11.14-18.12.15:091][513]LogVolumetricLightmapImport:      Indirection Texture 16x16x16 = 0.0Mb
[2019.11.14-18.12.15:091][513]LogVolumetricLightmapImport:      BrickData 245x5x5 = 0.2Mb
[2019.11.14-18.12.15:091][513]LogVolumetricLightmapImport:      Bricks at Level
[2019.11.14-18.12.15:091][513]LogVolumetricLightmapImport:          0: 2.0% covering 100.0% of volume
[2019.11.14-18.12.15:091][513]LogVolumetricLightmapImport:          1: 8.2% covering 6.3% of volume
[2019.11.14-18.12.15:091][513]LogVolumetricLightmapImport:          2: 89.8% covering 1.1% of volume
[2019.11.14-18.12.15:961][513]LogTexture: Display: Building textures: SkyOcclusion1_1 (AutoDXT, 1024X512)
[2019.11.14-18.12.15:961][513]LogTexture: Display: Building textures: HQ_Lightmap1_1 (AutoDXT, 1024X1024)
[2019.11.14-18.12.15:961][513]LogTexture: Display: Building textures: LQ_Lightmap_1_1 (DXT1, 1024X1024)
[2019.11.14-18.12.15:961][513]LogTexture: Display: Building textures: SkyOcclusion1_2 (AutoDXT, 256X128)
[2019.11.14-18.12.15:961][513]LogTexture: Display: Building textures: HQ_Lightmap1_2 (AutoDXT, 256X256)
[2019.11.14-18.12.15:961][513]LogTexture: Display: Building textures: LQ_Lightmap_1_2 (DXT1, 256X256)
[2019.11.14-18.12.15:961][513]LogTexture: Display: Building textures: SkyOcclusion1_3 (AutoDXT, 64X32)
[2019.11.14-18.12.15:961][513]LogTexture: Display: Building textures: HQ_Lightmap1_3 (AutoDXT, 64X64)
[2019.11.14-18.12.15:961][513]LogTexture: Display: Building textures: LQ_Lightmap_1_3 (DXT1, 64X64)
[2019.11.14-18.12.16:160][513]LogTexture: Display: Building textures: ShadowMapTexture2D_3 (G8, 32X32)
[2019.11.14-18.12.16:381][513]LogTexture: Display: Building textures: ShadowMapTexture2D_2 (G8, 1024X1024)
[2019.11.14-18.12.16:423][513]Lightmass on BEVEN-LAPTOP: 10.7 sec total, 502 ms importing, 57 ms setup, 1.69 sec photons, 8.47 sec processing, 0 ms extra exporting [9/9 mappings]. Threads: 33.8 sec total, 14.0 sec processing.
[2019.11.14-18.12.16:426][513]LogStaticLightingSystem: TwinStickExampleMap_BuiltData storing lightmap data for 9 meshes in 3 LightmapResourceClusters (3.0 Meshes per cluster).
[2019.11.14-18.12.16:457][513]LogUObjectHash: Compacting FUObjectHashTables data took   1.65ms
[2019.11.14-18.12.16:469][513]LogStaticLightingSystem: Illumination: 17.1 sec (812 ms encoding lightmaps, 415 ms encoding shadowmaps)
[2019.11.14-18.12.16:469][513]LogStaticLightingSystem: Lightmap texture memory:  2.8 MB (2.8 MB streaming, 0.0 MB non-streaming), 6 textures
[2019.11.14-18.12.16:469][513]LogStaticLightingSystem: Shadowmap texture memory: 1.3 MB (1.3 MB streaming, 0.0 MB non-streaming), 2 textures
[2019.11.14-18.12.16:837][513]DumpUnbuiltLightIteractions
[2019.11.14-18.12.16:837][513]Lights with unbuilt interactions: 0
[2019.11.14-18.12.16:837][513]
[2019.11.14-18.12.16:837][513]Primitives with unbuilt interactions: 0
[2019.11.14-18.12.16:860][513]LogSlate: FSceneViewport::OnFocusLost() reason 2
[2019.11.14-18.12.17:287][514]Cmd: MAP CHECK NOTIFYRESULTS
[2019.11.14-18.12.17:287][514]MapCheck: New page: TwinStickExampleMap - Nov 14, 2019, 6:12:17 AM
[2019.11.14-18.12.17:288][514]MapCheck: Map check complete: 0 Error(s), 0 Warning(s), took 1.1ms to complete.
[2019.11.14-18.12.24:521][721]LogSlate: FSceneViewport::OnFocusLost() reason 0
[2019.11.14-18.12.24:646][726]LogSlate: Window 'Message Log' being destroyed
[2019.11.14-18.12.24:655][726]LogSlate: Window 'Message Log' being destroyed
[2019.11.14-18.12.29:196][852]LogEditorViewport: Clicking on Actor (LMB): StaticMeshActor (Sphere)
[2019.11.14-18.12.29:416][853]LogEditorViewport: Clicking on Component (LMB): StaticMeshComponent (StaticMeshComponent0)
[2019.11.14-18.12.30:976][887]LogSlate: FSceneViewport::OnFocusLost() reason 0
[2019.11.14-18.12.40:622][141]LogSlate: FSceneViewport::OnFocusLost() reason 0
[2019.11.14-18.12.48:025][541]EditorErrors: New page: Actor attachment
[2019.11.14-18.14.48:792][175]LogConsoleManager: Warning: Console object named 'ActorComponents.Enable' already exists but is being registered again, but we weren't expected it to be! (FConsoleManager::AddConsoleObject)
[2019.11.14-18.14.50:541][310]LogConsoleManager: Warning: Console object named 'ActorComponents.Enable' already exists but is being registered again, but we weren't expected it to be! (FConsoleManager::AddConsoleObject)
[2019.11.14-18.15.06:808][566]LogRenderer: Reallocating scene render targets to support 644x372 Format 10 NumSamples 1 (Frame:9958).
[2019.11.14-18.15.23:325][250]LogSlate: Window 'Select Path' being destroyed
[2019.11.14-18.15.23:446][250]LogUObjectHash: Compacting FUObjectHashTables data took   2.36ms
[2019.11.14-18.15.23:479][250]LogAssetEditorManager: Opening Asset editor for Blueprint /Game/TwinStickBP/Blueprints/Asteroid_Blueprint.Asteroid_Blueprint
[2019.11.14-18.15.23:848][250]LogContentBrowser: Native class hierarchy updated for 'BlueprintGraph' in 0.0007 seconds. Added 121 classes and 0 folders.
[2019.11.14-18.15.25:054][251]LogRenderer: Reallocating scene render targets to support 664x372 Format 10 NumSamples 1 (Frame:1).
[2019.11.14-18.15.26:921][275]LogSlate: Took 0.019060 seconds to synchronously load lazily loaded font '../../../Engine/Content/Slate/Fonts/Roboto-Italic.ttf' (157K)
[2019.11.14-18.15.34:191][399]LogSlate: FSceneViewport::OnFocusLost() reason 0
[2019.11.14-18.15.58:933][763]LogSavePackage: Moving '../../../../../../Users/Beven/Documents/Unreal Projects/Besterush/Besterush/Saved/Asteroid_Blueprint31E4E38C40E232E72A0505AFD98033FF.tmp' to '../../../../../../Users/Beven/Documents/Unreal Projects/Besterush/Besterush/Content/TwinStickBP/Blueprints/Asteroid_Blueprint.uasset'
[2019.11.14-18.16.05:521][838]LogAssetEditorManager: Opening Asset editor for MaterialInstanceConstant /Game/M_Rock_DenseMartian_Inst.M_Rock_DenseMartian_Inst
[2019.11.14-18.16.06:519][838]LogRenderer: Reallocating scene render targets to support 816x456 Format 10 NumSamples 1 (Frame:1).
[2019.11.14-18.16.10:315][918]LogRenderer: Reallocating scene render targets to support 948x608 Format 10 NumSamples 1 (Frame:3).
[2019.11.14-18.16.23:111][200]LogSlate: FSceneViewport::OnFocusLost() reason 0
[2019.11.14-18.16.23:347][207]LogMaterial: Display: Missing cached shader map for material WorldGridMaterial, compiling. Is special engine material.
